This is pdfTeX, Version 3.14159265-2.6-1.40.21 (TeX Live 2020) (preloaded format=pdflatex 2021.2.23)  23 FEB 2021 21:47
entering extended mode
 restricted \write18 enabled.
 %&-line parsing enabled.
**RxODE-manual.tex
(./RxODE-manual.tex
LaTeX2e <2020-10-01> patch level 4
L3 programming layer <2021-02-18> (/home/matt/.TinyTeX/texmf-dist/tex/latex/bas
e/book.cls
Document Class: book 2020/04/10 v1.4m Standard LaTeX document class
(/home/matt/.TinyTeX/texmf-dist/tex/latex/base/bk10.clo
File: bk10.clo 2020/04/10 v1.4m Standard LaTeX file (size option)
)
\c@part=\count179
\c@chapter=\count180
\c@section=\count181
\c@subsection=\count182
\c@subsubsection=\count183
\c@paragraph=\count184
\c@subparagraph=\count185
\c@figure=\count186
\c@table=\count187
\abovecaptionskip=\skip47
\belowcaptionskip=\skip48
\bibindent=\dimen138
) (/home/matt/.TinyTeX/texmf-dist/tex/latex/lm/lmodern.sty
Package: lmodern 2009/10/30 v1.6 Latin Modern Fonts
LaTeX Font Info:    Overwriting symbol font `operators' in version `normal'
(Font)                  OT1/cmr/m/n --> OT1/lmr/m/n on input line 22.
LaTeX Font Info:    Overwriting symbol font `letters' in version `normal'
(Font)                  OML/cmm/m/it --> OML/lmm/m/it on input line 23.
LaTeX Font Info:    Overwriting symbol font `symbols' in version `normal'
(Font)                  OMS/cmsy/m/n --> OMS/lmsy/m/n on input line 24.
LaTeX Font Info:    Overwriting symbol font `largesymbols' in version `normal'
(Font)                  OMX/cmex/m/n --> OMX/lmex/m/n on input line 25.
LaTeX Font Info:    Overwriting symbol font `operators' in version `bold'
(Font)                  OT1/cmr/bx/n --> OT1/lmr/bx/n on input line 26.
LaTeX Font Info:    Overwriting symbol font `letters' in version `bold'
(Font)                  OML/cmm/b/it --> OML/lmm/b/it on input line 27.
LaTeX Font Info:    Overwriting symbol font `symbols' in version `bold'
(Font)                  OMS/cmsy/b/n --> OMS/lmsy/b/n on input line 28.
LaTeX Font Info:    Overwriting symbol font `largesymbols' in version `bold'
(Font)                  OMX/cmex/m/n --> OMX/lmex/m/n on input line 29.
LaTeX Font Info:    Overwriting math alphabet `\mathbf' in version `normal'
(Font)                  OT1/cmr/bx/n --> OT1/lmr/bx/n on input line 31.
LaTeX Font Info:    Overwriting math alphabet `\mathsf' in version `normal'
(Font)                  OT1/cmss/m/n --> OT1/lmss/m/n on input line 32.
LaTeX Font Info:    Overwriting math alphabet `\mathit' in version `normal'
(Font)                  OT1/cmr/m/it --> OT1/lmr/m/it on input line 33.
LaTeX Font Info:    Overwriting math alphabet `\mathtt' in version `normal'
(Font)                  OT1/cmtt/m/n --> OT1/lmtt/m/n on input line 34.
LaTeX Font Info:    Overwriting math alphabet `\mathbf' in version `bold'
(Font)                  OT1/cmr/bx/n --> OT1/lmr/bx/n on input line 35.
LaTeX Font Info:    Overwriting math alphabet `\mathsf' in version `bold'
(Font)                  OT1/cmss/bx/n --> OT1/lmss/bx/n on input line 36.
LaTeX Font Info:    Overwriting math alphabet `\mathit' in version `bold'
(Font)                  OT1/cmr/bx/it --> OT1/lmr/bx/it on input line 37.
LaTeX Font Info:    Overwriting math alphabet `\mathtt' in version `bold'
(Font)                  OT1/cmtt/m/n --> OT1/lmtt/m/n on input line 38.
) (/home/matt/.TinyTeX/texmf-dist/tex/latex/amsfonts/amssymb.sty
Package: amssymb 2013/01/14 v3.01 AMS font symbols
(/home/matt/.TinyTeX/texmf-dist/tex/latex/amsfonts/amsfonts.sty
Package: amsfonts 2013/01/14 v3.01 Basic AMSFonts support
\@emptytoks=\toks15
\symAMSa=\mathgroup4
\symAMSb=\mathgroup5
LaTeX Font Info:    Redeclaring math symbol \hbar on input line 98.
LaTeX Font Info:    Overwriting math alphabet `\mathfrak' in version `bold'
(Font)                  U/euf/m/n --> U/euf/b/n on input line 106.
)) (/home/matt/.TinyTeX/texmf-dist/tex/latex/amsmath/amsmath.sty
Package: amsmath 2020/09/23 v2.17i AMS math features
\@mathmargin=\skip49
For additional information on amsmath, use the `?' option.
(/home/matt/.TinyTeX/texmf-dist/tex/latex/amsmath/amstext.sty
Package: amstext 2000/06/29 v2.01 AMS text
(/home/matt/.TinyTeX/texmf-dist/tex/latex/amsmath/amsgen.sty
File: amsgen.sty 1999/11/30 v2.0 generic functions
\@emptytoks=\toks16
\ex@=\dimen139
)) (/home/matt/.TinyTeX/texmf-dist/tex/latex/amsmath/amsbsy.sty
Package: amsbsy 1999/11/29 v1.2d Bold Symbols
\pmbraise@=\dimen140
) (/home/matt/.TinyTeX/texmf-dist/tex/latex/amsmath/amsopn.sty
Package: amsopn 2016/03/08 v2.02 operator names
)
\inf@bad=\count188
LaTeX Info: Redefining \frac on input line 234.
\uproot@=\count189
\leftroot@=\count190
LaTeX Info: Redefining \overline on input line 399.
\classnum@=\count191
\DOTSCASE@=\count192
LaTeX Info: Redefining \ldots on input line 496.
LaTeX Info: Redefining \dots on input line 499.
LaTeX Info: Redefining \cdots on input line 620.
\Mathstrutbox@=\box47
\strutbox@=\box48
\big@size=\dimen141
LaTeX Font Info:    Redeclaring font encoding OML on input line 743.
LaTeX Font Info:    Redeclaring font encoding OMS on input line 744.
\macc@depth=\count193
\c@MaxMatrixCols=\count194
\dotsspace@=\muskip16
\c@parentequation=\count195
\dspbrk@lvl=\count196
\tag@help=\toks17
\row@=\count197
\column@=\count198
\maxfields@=\count199
\andhelp@=\toks18
\eqnshift@=\dimen142
\alignsep@=\dimen143
\tagshift@=\dimen144
\tagwidth@=\dimen145
\totwidth@=\dimen146
\lineht@=\dimen147
\@envbody=\toks19
\multlinegap=\skip50
\multlinetaggap=\skip51
\mathdisplay@stack=\toks20
LaTeX Info: Redefining \[ on input line 2923.
LaTeX Info: Redefining \] on input line 2924.
) (/home/matt/.TinyTeX/texmf-dist/tex/generic/iftex/ifxetex.sty
Package: ifxetex 2019/10/25 v0.7 ifxetex legacy package. Use iftex instead.
(/home/matt/.TinyTeX/texmf-dist/tex/generic/iftex/iftex.sty
Package: iftex 2020/03/06 v1.0d TeX engine tests
)) (/home/matt/.TinyTeX/texmf-dist/tex/generic/iftex/ifluatex.sty
Package: ifluatex 2019/10/25 v1.5 ifluatex legacy package. Use iftex instead.
) (/home/matt/.TinyTeX/texmf-dist/tex/latex/base/fontenc.sty
Package: fontenc 2020/08/10 v2.0s Standard LaTeX package
LaTeX Font Info:    Trying to load font information for T1+lmr on input line 11
2.
(/home/matt/.TinyTeX/texmf-dist/tex/latex/lm/t1lmr.fd
File: t1lmr.fd 2009/10/30 v1.6 Font defs for Latin Modern
)) (/home/matt/.TinyTeX/texmf-dist/tex/latex/base/inputenc.sty
Package: inputenc 2020/08/01 v1.3d Input encoding file
\inpenc@prehook=\toks21
\inpenc@posthook=\toks22
) (/home/matt/.TinyTeX/texmf-dist/tex/latex/base/textcomp.sty
Package: textcomp 2020/02/02 v2.0n Standard LaTeX package
) (/home/matt/.TinyTeX/texmf-dist/tex/latex/upquote/upquote.sty
Package: upquote 2012/04/19 v1.3 upright-quote and grave-accent glyphs in verba
tim
) (/home/matt/.TinyTeX/texmf-dist/tex/latex/xcolor/xcolor.sty
Package: xcolor 2016/05/11 v2.12 LaTeX color extensions (UK)
(/home/matt/.TinyTeX/texmf-dist/tex/latex/graphics-cfg/color.cfg
File: color.cfg 2016/01/02 v1.6 sample color configuration
)
Package xcolor Info: Driver file: pdftex.def on input line 225.
(/home/matt/.TinyTeX/texmf-dist/tex/latex/graphics-def/pdftex.def
File: pdftex.def 2020/10/05 v1.2a Graphics/color driver for pdftex
)
Package xcolor Info: Model `cmy' substituted by `cmy0' on input line 1348.
Package xcolor Info: Model `hsb' substituted by `rgb' on input line 1352.
Package xcolor Info: Model `RGB' extended on input line 1364.
Package xcolor Info: Model `HTML' substituted by `rgb' on input line 1366.
Package xcolor Info: Model `Hsb' substituted by `hsb' on input line 1367.
Package xcolor Info: Model `tHsb' substituted by `hsb' on input line 1368.
Package xcolor Info: Model `HSB' substituted by `hsb' on input line 1369.
Package xcolor Info: Model `Gray' substituted by `gray' on input line 1370.
Package xcolor Info: Model `wave' substituted by `hsb' on input line 1371.
(/home/matt/.TinyTeX/texmf-dist/tex/latex/graphics/dvipsnam.def
File: dvipsnam.def 2016/06/17 v3.0m Driver-dependent file (DPC,SPQR)
) (/home/matt/.TinyTeX/texmf-dist/tex/latex/xcolor/svgnam.def
File: svgnam.def 2016/05/11 v2.12 Predefined colors according to SVG 1.1 (UK)
) (/home/matt/.TinyTeX/texmf-dist/tex/latex/xcolor/x11nam.def
File: x11nam.def 2016/05/11 v2.12 Predefined colors according to Unix/X11 (UK)
)) (/home/matt/.TinyTeX/texmf-dist/tex/latex/hyperref/hyperref.sty
Package: hyperref 2021-02-10 v7.00j Hypertext links for LaTeX
(/home/matt/.TinyTeX/texmf-dist/tex/generic/ltxcmds/ltxcmds.sty
Package: ltxcmds 2020-05-10 v1.25 LaTeX kernel commands for general use (HO)
) (/home/matt/.TinyTeX/texmf-dist/tex/generic/pdftexcmds/pdftexcmds.sty
Package: pdftexcmds 2020-06-27 v0.33 Utility functions of pdfTeX for LuaTeX (HO
)
(/home/matt/.TinyTeX/texmf-dist/tex/generic/infwarerr/infwarerr.sty
Package: infwarerr 2019/12/03 v1.5 Providing info/warning/error messages (HO)
)
Package pdftexcmds Info: \pdf@primitive is available.
Package pdftexcmds Info: \pdf@ifprimitive is available.
Package pdftexcmds Info: \pdfdraftmode found.
) (/home/matt/.TinyTeX/texmf-dist/tex/latex/graphics/keyval.sty
Package: keyval 2014/10/28 v1.15 key=value parser (DPC)
\KV@toks@=\toks23
) (/home/matt/.TinyTeX/texmf-dist/tex/generic/kvsetkeys/kvsetkeys.sty
Package: kvsetkeys 2019/12/15 v1.18 Key value parser (HO)
) (/home/matt/.TinyTeX/texmf-dist/tex/generic/kvdefinekeys/kvdefinekeys.sty
Package: kvdefinekeys 2019-12-19 v1.6 Define keys (HO)
) (/home/matt/.TinyTeX/texmf-dist/tex/generic/pdfescape/pdfescape.sty
Package: pdfescape 2019/12/09 v1.15 Implements pdfTeX's escape features (HO)
) (/home/matt/.TinyTeX/texmf-dist/tex/latex/hycolor/hycolor.sty
Package: hycolor 2020-01-27 v1.10 Color options for hyperref/bookmark (HO)
) (/home/matt/.TinyTeX/texmf-dist/tex/latex/letltxmacro/letltxmacro.sty
Package: letltxmacro 2019/12/03 v1.6 Let assignment for LaTeX macros (HO)
) (/home/matt/.TinyTeX/texmf-dist/tex/latex/auxhook/auxhook.sty
Package: auxhook 2019-12-17 v1.6 Hooks for auxiliary files (HO)
) (/home/matt/.TinyTeX/texmf-dist/tex/latex/kvoptions/kvoptions.sty
Package: kvoptions 2020-10-07 v3.14 Key value format for package options (HO)
)
\@linkdim=\dimen148
\Hy@linkcounter=\count266
\Hy@pagecounter=\count267
(/home/matt/.TinyTeX/texmf-dist/tex/latex/hyperref/pd1enc.def
File: pd1enc.def 2021-02-10 v7.00j Hyperref: PDFDocEncoding definition (HO)
Now handling font encoding PD1 ...
... no UTF-8 mapping file for font encoding PD1
) (/home/matt/.TinyTeX/texmf-dist/tex/latex/hyperref/hyperref-langpatches.def
File: hyperref-langpatches.def 2021-02-10 v7.00j Hyperref: patches for babel la
nguages
) (/home/matt/.TinyTeX/texmf-dist/tex/generic/intcalc/intcalc.sty
Package: intcalc 2019/12/15 v1.3 Expandable calculations with integers (HO)
) (/home/matt/.TinyTeX/texmf-dist/tex/generic/etexcmds/etexcmds.sty
Package: etexcmds 2019/12/15 v1.7 Avoid name clashes with e-TeX commands (HO)
)
\Hy@SavedSpaceFactor=\count268
(/home/matt/.TinyTeX/texmf-dist/tex/latex/hyperref/puenc.def
File: puenc.def 2021-02-10 v7.00j Hyperref: PDF Unicode definition (HO)
Now handling font encoding PU ...
... no UTF-8 mapping file for font encoding PU
)
Package hyperref Info: Option `unicode' set `true' on input line 4073.
Package hyperref Info: Hyper figures OFF on input line 4192.
Package hyperref Info: Link nesting OFF on input line 4197.
Package hyperref Info: Hyper index ON on input line 4200.
Package hyperref Info: Plain pages OFF on input line 4207.
Package hyperref Info: Backreferencing OFF on input line 4212.
Package hyperref Info: Implicit mode ON; LaTeX internals redefined.
Package hyperref Info: Bookmarks ON on input line 4445.
\c@Hy@tempcnt=\count269
(/home/matt/.TinyTeX/texmf-dist/tex/latex/url/url.sty
\Urlmuskip=\muskip17
Package: url 2013/09/16  ver 3.4  Verb mode for urls, etc.
)
LaTeX Info: Redefining \url on input line 4804.
\XeTeXLinkMargin=\dimen149
(/home/matt/.TinyTeX/texmf-dist/tex/generic/bitset/bitset.sty
Package: bitset 2019/12/09 v1.3 Handle bit-vector datatype (HO)
(/home/matt/.TinyTeX/texmf-dist/tex/generic/bigintcalc/bigintcalc.sty
Package: bigintcalc 2019/12/15 v1.5 Expandable calculations on big integers (HO
)
))
\Fld@menulength=\count270
\Field@Width=\dimen150
\Fld@charsize=\dimen151
Package hyperref Info: Hyper figures OFF on input line 6075.
Package hyperref Info: Link nesting OFF on input line 6080.
Package hyperref Info: Hyper index ON on input line 6083.
Package hyperref Info: backreferencing OFF on input line 6090.
Package hyperref Info: Link coloring OFF on input line 6095.
Package hyperref Info: Link coloring with OCG OFF on input line 6100.
Package hyperref Info: PDF/A mode OFF on input line 6105.
LaTeX Info: Redefining \ref on input line 6145.
LaTeX Info: Redefining \pageref on input line 6149.
(/home/matt/.TinyTeX/texmf-dist/tex/latex/base/atbegshi-ltx.sty
Package: atbegshi-ltx 2020/08/17 v1.0a Emulation of the original atbegshi packa
ge
with kernel methods
)
\Hy@abspage=\count271
\c@Item=\count272
\c@Hfootnote=\count273
)
Package hyperref Info: Driver (autodetected): hpdftex.
(/home/matt/.TinyTeX/texmf-dist/tex/latex/hyperref/hpdftex.def
File: hpdftex.def 2021-02-10 v7.00j Hyperref driver for pdfTeX
(/home/matt/.TinyTeX/texmf-dist/tex/latex/base/atveryend-ltx.sty
Package: atveryend-ltx 2020/08/19 v1.0a Emulation of the original atvery packag
e
with kernel methods
)
\Fld@listcount=\count274
\c@bookmark@seq@number=\count275
(/home/matt/.TinyTeX/texmf-dist/tex/latex/rerunfilecheck/rerunfilecheck.sty
Package: rerunfilecheck 2019/12/05 v1.9 Rerun checks for auxiliary files (HO)
(/home/matt/.TinyTeX/texmf-dist/tex/generic/uniquecounter/uniquecounter.sty
Package: uniquecounter 2019/12/15 v1.4 Provide unlimited unique counter (HO)
)
Package uniquecounter Info: New unique counter `rerunfilecheck' on input line 2
86.
)
\Hy@SectionHShift=\skip52
)
Package hyperref Info: Option `colorlinks' set `true' on input line 47.
(/home/matt/.TinyTeX/texmf-dist/tex/latex/fancyvrb/fancyvrb.sty
Package: fancyvrb 2021/01/20 v3.7 verbatim text (tvz,hv)
\FV@CodeLineNo=\count276
\FV@InFile=\read2
\FV@TabBox=\box49
\c@FancyVerbLine=\count277
\FV@StepNumber=\count278
\FV@OutFile=\write3
) (/home/matt/.TinyTeX/texmf-dist/tex/latex/framed/framed.sty
Package: framed 2011/10/22 v 0.96: framed or shaded text with page breaks
\OuterFrameSep=\skip53
\fb@frw=\dimen152
\fb@frh=\dimen153
\FrameRule=\dimen154
\FrameSep=\dimen155
) (/home/matt/.TinyTeX/texmf-dist/tex/latex/tools/longtable.sty
Package: longtable 2020/01/07 v4.13 Multi-page Table package (DPC)
\LTleft=\skip54
\LTright=\skip55
\LTpre=\skip56
\LTpost=\skip57
\LTchunksize=\count279
\LTcapwidth=\dimen156
\LT@head=\box50
\LT@firsthead=\box51
\LT@foot=\box52
\LT@lastfoot=\box53
\LT@cols=\count280
\LT@rows=\count281
\c@LT@tables=\count282
\c@LT@chunks=\count283
\LT@p@ftn=\toks24
) (/home/matt/.TinyTeX/texmf-dist/tex/latex/booktabs/booktabs.sty
Package: booktabs 2020/01/12 v1.61803398 Publication quality tables
\heavyrulewidth=\dimen157
\lightrulewidth=\dimen158
\cmidrulewidth=\dimen159
\belowrulesep=\dimen160
\belowbottomsep=\dimen161
\aboverulesep=\dimen162
\abovetopsep=\dimen163
\cmidrulesep=\dimen164
\cmidrulekern=\dimen165
\defaultaddspace=\dimen166
\@cmidla=\count284
\@cmidlb=\count285
\@aboverulesep=\dimen167
\@belowrulesep=\dimen168
\@thisruleclass=\count286
\@lastruleclass=\count287
\@thisrulewidth=\dimen169
) (/home/matt/.TinyTeX/texmf-dist/tex/latex/etoolbox/etoolbox.sty
Package: etoolbox 2020/10/05 v2.5k e-TeX tools for LaTeX (JAW)
\etb@tempcnta=\count288
) (/home/matt/.TinyTeX/texmf-dist/tex/latex/mdwtools/footnote.sty
Package: footnote 1997/01/28 1.13 Save footnotes around boxes
\fn@notes=\box54
\fn@width=\dimen170
) (/home/matt/.TinyTeX/texmf-dist/tex/latex/graphics/graphicx.sty
Package: graphicx 2020/09/09 v1.2b Enhanced LaTeX Graphics (DPC,SPQR)
(/home/matt/.TinyTeX/texmf-dist/tex/latex/graphics/graphics.sty
Package: graphics 2020/08/30 v1.4c Standard LaTeX Graphics (DPC,SPQR)
(/home/matt/.TinyTeX/texmf-dist/tex/latex/graphics/trig.sty
Package: trig 2016/01/03 v1.10 sin cos tan (DPC)
) (/home/matt/.TinyTeX/texmf-dist/tex/latex/graphics-cfg/graphics.cfg
File: graphics.cfg 2016/06/04 v1.11 sample graphics configuration
)
Package graphics Info: Driver file: pdftex.def on input line 105.
)
\Gin@req@height=\dimen171
\Gin@req@width=\dimen172
) (/home/matt/.TinyTeX/texmf-dist/tex/latex/mathdesign/mathdesign.sty
Package: mathdesign 2013/08/29 v2.31 Math Design Project
(/home/matt/.TinyTeX/texmf-dist/tex/latex/base/ifthen.sty
Package: ifthen 2014/09/29 v1.1c Standard LaTeX ifthen package (DPC)
) (/home/matt/.TinyTeX/texmf-dist/tex/latex/mathdesign/mdput/mdput.cfg) (/home/
matt/.TinyTeX/texmf-dist/tex/latex/mathdesign/mdput/mdput.sty
Package: mdput 2013/08/29 v2.31 adobe utopia + mdput (Math Design Project)
(/home/matt/.TinyTeX/texmf-dist/tex/latex/mathdesign/mdfont.def
File: mdfont.def 2013/08/29 v2.31 (Math Design Project)
) (/home/matt/.TinyTeX/texmf-dist/tex/latex/mathdesign/mdsffont.def
File: mdsffont.def 2013/08/29 v2.31 (Math Design Project)

LaTeX Warning: Font shape declaration has incorrect series value `mc'.
               It should not contain an `m'! Please correct it.
               Found on input line 53.


LaTeX Warning: Font shape declaration has incorrect series value `mc'.
               It should not contain an `m'! Please correct it.
               Found on input line 56.


LaTeX Warning: Font shape declaration has incorrect series value `mc'.
               It should not contain an `m'! Please correct it.
               Found on input line 59.


LaTeX Warning: Font shape declaration has incorrect series value `mc'.
               It should not contain an `m'! Please correct it.
               Found on input line 79.


LaTeX Warning: Font shape declaration has incorrect series value `mc'.
               It should not contain an `m'! Please correct it.
               Found on input line 102.


LaTeX Warning: Font shape declaration has incorrect series value `mc'.
               It should not contain an `m'! Please correct it.
               Found on input line 105.


LaTeX Warning: Font shape declaration has incorrect series value `mc'.
               It should not contain an `m'! Please correct it.
               Found on input line 108.


LaTeX Warning: Font shape declaration has incorrect series value `mc'.
               It should not contain an `m'! Please correct it.
               Found on input line 128.


LaTeX Warning: Font shape declaration has incorrect series value `mc'.
               It should not contain an `m'! Please correct it.
               Found on input line 259.


LaTeX Warning: Font shape declaration has incorrect series value `mc'.
               It should not contain an `m'! Please correct it.
               Found on input line 262.


LaTeX Warning: Font shape declaration has incorrect series value `mc'.
               It should not contain an `m'! Please correct it.
               Found on input line 265.


LaTeX Warning: Font shape declaration has incorrect series value `mc'.
               It should not contain an `m'! Please correct it.
               Found on input line 268.


LaTeX Warning: Font shape declaration has incorrect series value `mc'.
               It should not contain an `m'! Please correct it.
               Found on input line 313.


LaTeX Warning: Font shape declaration has incorrect series value `mc'.
               It should not contain an `m'! Please correct it.
               Found on input line 316.


LaTeX Warning: Font shape declaration has incorrect series value `mc'.
               It should not contain an `m'! Please correct it.
               Found on input line 319.


LaTeX Warning: Font shape declaration has incorrect series value `mc'.
               It should not contain an `m'! Please correct it.
               Found on input line 322.

) (/home/matt/.TinyTeX/texmf-dist/tex/latex/mathdesign/mdttfont.def
File: mdttfont.def 2013/08/29 v2.31 (Math Design Project)
)
\symmdcal=\mathgroup6
LaTeX Font Info:    Overwriting symbol font `mdcal' in version `bold'
(Font)                  OMS/mdput/m/n --> OMS/mdput/b/n on input line 97.
\symmdscr=\mathgroup7
LaTeX Font Info:    Overwriting symbol font `mdscr' in version `bold'
(Font)                  OMS/mdput/m/n --> OMS/mdput/b/n on input line 103.
LaTeX Font Info:    Redeclaring math alphabet \mathfrak on input line 109.
LaTeX Font Info:    Overwriting math alphabet `\mathfrak' in version `normal'
(Font)                  U/euf/m/n --> U/xmdeuf/m/n on input line 109.
LaTeX Font Info:    Overwriting math alphabet `\mathfrak' in version `bold'
(Font)                  U/euf/b/n --> U/xmdeuf/m/n on input line 109.
LaTeX Font Info:    Overwriting math alphabet `\mathfrak' in version `bold'
(Font)                  U/xmdeuf/m/n --> U/xmdeuf/b/n on input line 110.
LaTeX Info: Redefining \frak on input line 111.
LaTeX Font Info:    Overwriting symbol font `operators' in version `normal'
(Font)                  OT1/lmr/m/n --> OT1/mdput/m/n on input line 121.
LaTeX Font Info:    Overwriting symbol font `letters' in version `normal'
(Font)                  OML/lmm/m/it --> OML/mdput/m/it on input line 122.
LaTeX Font Info:    Overwriting symbol font `symbols' in version `normal'
(Font)                  OMS/lmsy/m/n --> OMS/mdput/m/n on input line 123.
LaTeX Font Info:    Overwriting symbol font `largesymbols' in version `normal'
(Font)                  OMX/lmex/m/n --> OMX/mdput/m/n on input line 124.
LaTeX Font Info:    Overwriting symbol font `operators' in version `bold'
(Font)                  OT1/lmr/bx/n --> OT1/mdput/b/n on input line 126.
LaTeX Font Info:    Overwriting symbol font `letters' in version `bold'
(Font)                  OML/lmm/b/it --> OML/mdput/b/it on input line 127.
LaTeX Font Info:    Overwriting symbol font `symbols' in version `bold'
(Font)                  OMS/lmsy/b/n --> OMS/mdput/b/n on input line 128.
LaTeX Font Info:    Overwriting symbol font `largesymbols' in version `bold'
(Font)                  OMX/lmex/m/n --> OMX/mdput/b/n on input line 129.
LaTeX Font Info:    Overwriting math alphabet `\mathrm' in version `normal'
(Font)                  OT1/mdput/m/n --> T1/mdput/m/n on input line 131.
LaTeX Font Info:    Overwriting math alphabet `\mathbf' in version `normal'
(Font)                  OT1/lmr/bx/n --> T1/mdput/b/n on input line 132.
LaTeX Font Info:    Overwriting math alphabet `\mathit' in version `normal'
(Font)                  OT1/lmr/m/it --> T1/mdput/m/it on input line 133.
LaTeX Font Info:    Overwriting math alphabet `\mathsf' in version `normal'
(Font)                  OT1/lmss/m/n --> T1/lmss/m/n on input line 134.
LaTeX Font Info:    Overwriting math alphabet `\mathtt' in version `normal'
(Font)                  OT1/lmtt/m/n --> T1/lmtt/m/n on input line 135.
LaTeX Font Info:    Overwriting math alphabet `\mathrm' in version `bold'
(Font)                  OT1/mdput/b/n --> T1/mdput/b/n on input line 137.
LaTeX Font Info:    Overwriting math alphabet `\mathbf' in version `bold'
(Font)                  OT1/lmr/bx/n --> T1/mdput/b/n on input line 138.
LaTeX Font Info:    Overwriting math alphabet `\mathit' in version `bold'
(Font)                  OT1/lmr/bx/it --> T1/mdput/b/it on input line 139.
LaTeX Font Info:    Overwriting math alphabet `\mathsf' in version `bold'
(Font)                  OT1/lmss/bx/n --> T1/lmss/b/n on input line 140.
LaTeX Font Info:    Overwriting math alphabet `\mathtt' in version `bold'
(Font)                  OT1/lmtt/m/n --> T1/lmtt/b/n on input line 141.
\symlettersupright=\mathgroup8
LaTeX Font Info:    Overwriting symbol font `lettersupright' in version `bold'
(Font)                  OML/mdput/m/n --> OML/mdput/b/n on input line 144.
LaTeX Font Info:    Redeclaring math alphabet \mathrm on input line 145.
LaTeX Font Info:    Overwriting math alphabet `\mathcal' in version `normal'
(Font)                  OMS/mdput/m/n --> OMS/mdput/m/n on input line 167.
(/home/matt/.TinyTeX/texmf-dist/tex/latex/xkeyval/xkeyval.sty
Package: xkeyval 2020/11/20 v2.8 package option processing (HA)
(/home/matt/.TinyTeX/texmf-dist/tex/generic/xkeyval/xkeyval.tex (/home/matt/.Ti
nyTeX/texmf-dist/tex/generic/xkeyval/xkvutils.tex
\XKV@toks=\toks25
\XKV@tempa@toks=\toks26
)
\XKV@depth=\count289
File: xkeyval.tex 2014/12/03 v2.7a key=value parser (HA)
))
LaTeX Font Info:    Trying to load font information for T1+mdput on input line 
186.
(/home/matt/.TinyTeX/texmf-dist/tex/latex/mathdesign/mdput/t1mdput.fd
File: t1mdput.fd 2013/08/29 Fontinst v1.933 font definitions for T1/mdput.
)
LaTeX Font Info:    Font shape `T1/mdput/m/n' will be
(Font)              scaled to size 9.40002pt on input line 186.
LaTeX Font Info:    Redeclaring math accent \widetilde on input line 449.
LaTeX Font Info:    Redeclaring math accent \widehat on input line 450.
Now handling font encoding MDA ...
... no UTF-8 mapping file for font encoding MDA
\symmathdesignA=\mathgroup9
LaTeX Font Info:    Overwriting symbol font `mathdesignA' in version `bold'
(Font)                  MDA/mdput/m/n --> MDA/mdput/b/n on input line 491.
LaTeX Font Info:    Overwriting encoding scheme math defaults on input line 493
.
Now handling font encoding MDB ...
... no UTF-8 mapping file for font encoding MDB
\symmathdesignB=\mathgroup10
LaTeX Font Info:    Overwriting symbol font `mathdesignB' in version `bold'
(Font)                  MDB/mdput/m/n --> MDB/mdput/b/n on input line 498.
LaTeX Info: Redefining \bold on input line 510.
LaTeX Font Info:    Redeclaring math accent \widetilde on input line 532.
LaTeX Font Info:    Redeclaring math accent \widehat on input line 533.
\rulethickness=\skip58
) (/home/matt/.TinyTeX/texmf-dist/tex/latex/base/fontenc.sty
Package: fontenc 2020/08/10 v2.0s Standard LaTeX package
)) (/home/matt/.TinyTeX/texmf-dist/tex/latex/base/fontenc.sty
Package: fontenc 2020/08/10 v2.0s Standard LaTeX package
) (/home/matt/.TinyTeX/texmf-dist/tex/latex/titling/titling.sty
Package: titling 2009/09/04 v2.1d maketitle typesetting
\thanksmarkwidth=\skip59
\thanksmargin=\skip60
\droptitle=\skip61
) (/home/matt/.TinyTeX/texmf-dist/tex/latex/natbib/natbib.sty
Package: natbib 2010/09/13 8.31b (PWD, AO)
\bibhang=\skip62
\bibsep=\skip63
LaTeX Info: Redefining \cite on input line 694.
\c@NAT@ctr=\count290
) (/home/matt/.TinyTeX/texmf-dist/tex/latex/l3backend/l3backend-pdftex.def
File: l3backend-pdftex.def 2021-02-18 L3 backend support: PDF output (pdfTeX)
\l__color_backend_stack_int=\count291
\l__pdf_internal_box=\box55
) (./RxODE-manual.aux)
\openout1 = `RxODE-manual.aux'.

LaTeX Font Info:    Checking defaults for OML/cmm/m/it on input line 127.
LaTeX Font Info:    ... okay on input line 127.
LaTeX Font Info:    Checking defaults for OMS/cmsy/m/n on input line 127.
LaTeX Font Info:    ... okay on input line 127.
LaTeX Font Info:    Checking defaults for OT1/cmr/m/n on input line 127.
LaTeX Font Info:    ... okay on input line 127.
LaTeX Font Info:    Checking defaults for T1/cmr/m/n on input line 127.
LaTeX Font Info:    ... okay on input line 127.
LaTeX Font Info:    Checking defaults for TS1/cmr/m/n on input line 127.
LaTeX Font Info:    ... okay on input line 127.
LaTeX Font Info:    Checking defaults for OMX/cmex/m/n on input line 127.
LaTeX Font Info:    ... okay on input line 127.
LaTeX Font Info:    Checking defaults for U/cmr/m/n on input line 127.
LaTeX Font Info:    ... okay on input line 127.
LaTeX Font Info:    Checking defaults for PD1/pdf/m/n on input line 127.
LaTeX Font Info:    ... okay on input line 127.
LaTeX Font Info:    Checking defaults for PU/pdf/m/n on input line 127.
LaTeX Font Info:    ... okay on input line 127.
LaTeX Font Info:    Checking defaults for MDA/cmr/m/n on input line 127.
LaTeX Font Info:    Trying to load font information for MDA+cmr on input line 1
27.
(/home/matt/.TinyTeX/texmf-dist/tex/latex/mathdesign/mdacmr.fd
File: mdacmr.fd 
)
LaTeX Font Info:    ... okay on input line 127.
LaTeX Font Info:    Checking defaults for MDB/cmr/m/n on input line 127.
LaTeX Font Info:    Trying to load font information for MDB+cmr on input line 1
27.
(/home/matt/.TinyTeX/texmf-dist/tex/latex/mathdesign/mdbcmr.fd
File: mdbcmr.fd 
)
LaTeX Font Info:    ... okay on input line 127.
(/home/matt/.TinyTeX/texmf-dist/tex/latex/epstopdf-pkg/epstopdf-base.sty
Package: epstopdf-base 2020-01-24 v2.11 Base part for package epstopdf
Package epstopdf-base Info: Redefining graphics rule for `.eps' on input line 4
85.
(/home/matt/.TinyTeX/texmf-dist/tex/latex/latexconfig/epstopdf-sys.cfg
File: epstopdf-sys.cfg 2010/07/13 v1.3 Configuration of (r)epstopdf for TeX Liv
e
))
Package hyperref Info: Link coloring ON on input line 127.
(/home/matt/.TinyTeX/texmf-dist/tex/latex/hyperref/nameref.sty
Package: nameref 2021-04-02 v2.47 Cross-referencing by name of section
(/home/matt/.TinyTeX/texmf-dist/tex/latex/refcount/refcount.sty
Package: refcount 2019/12/15 v3.6 Data extraction from label references (HO)
) (/home/matt/.TinyTeX/texmf-dist/tex/generic/gettitlestring/gettitlestring.sty
Package: gettitlestring 2019/12/15 v1.6 Cleanup title references (HO)
)
\c@section@level=\count292
)
LaTeX Info: Redefining \ref on input line 127.
LaTeX Info: Redefining \pageref on input line 127.
LaTeX Info: Redefining \nameref on input line 127.
(./RxODE-manual.out) (./RxODE-manual.out)
\@outlinefile=\write4
\openout4 = `RxODE-manual.out'.


Package mathdesign/mdput Warning: Package 'amssymb' shouldn't be used in conjon
ction with package mdput, on input line 127.


Package mathdesign/mdput Warning: Package 'amsfonts' shouldn't be used in conjo
nction with package mdput, on input line 127.

<logo.png, id=229, 43.362pt x 49.72176pt>
File: logo.png Graphic file (type png)
<use logo.png>
Package pdftex.def Info: logo.png  used on input line 128.
(pdftex.def)             Requested size: 126.05948pt x 144.5482pt.
LaTeX Font Info:    Font shape `T1/mdput/m/n' will be
(Font)              scaled to size 16.24324pt on input line 128.
LaTeX Font Info:    Font shape `T1/mdput/m/n' will be
(Font)              scaled to size 11.28003pt on input line 128.
LaTeX Font Info:    Trying to load font information for OT1+mdput on input line
 128.
(/home/matt/.TinyTeX/texmf-dist/tex/latex/mathdesign/mdput/ot1mdput.fd
File: ot1mdput.fd 2013/08/29 Fontinst v1.933 font definitions for OT1/mdput.
)
LaTeX Font Info:    Font shape `OT1/mdput/m/n' will be
(Font)              scaled to size 11.28003pt on input line 128.
LaTeX Font Info:    Font shape `OT1/mdput/m/n' will be
(Font)              scaled to size 7.52002pt on input line 128.
LaTeX Font Info:    Font shape `OT1/mdput/m/n' will be
(Font)              scaled to size 5.64001pt on input line 128.
LaTeX Font Info:    Trying to load font information for OML+mdput on input line
 128.
(/home/matt/.TinyTeX/texmf-dist/tex/latex/mathdesign/mdput/omlmdput.fd
File: omlmdput.fd 2013/08/29 Fontinst v1.933 font definitions for OML/mdput.
)
LaTeX Font Info:    Font shape `OML/mdput/m/it' will be
(Font)              scaled to size 11.28003pt on input line 128.
LaTeX Font Info:    Font shape `OML/mdput/m/it' will be
(Font)              scaled to size 7.52002pt on input line 128.
LaTeX Font Info:    Font shape `OML/mdput/m/it' will be
(Font)              scaled to size 5.64001pt on input line 128.
LaTeX Font Info:    Trying to load font information for OMS+mdput on input line
 128.
(/home/matt/.TinyTeX/texmf-dist/tex/latex/mathdesign/mdput/omsmdput.fd
File: omsmdput.fd 2013/08/29 Fontinst v1.933 font definitions for OMS/mdput.
)
LaTeX Font Info:    Font shape `OMS/mdput/m/n' will be
(Font)              scaled to size 11.28003pt on input line 128.
LaTeX Font Info:    Font shape `OMS/mdput/m/n' will be
(Font)              scaled to size 7.52002pt on input line 128.
LaTeX Font Info:    Font shape `OMS/mdput/m/n' will be
(Font)              scaled to size 5.64001pt on input line 128.
LaTeX Font Info:    Trying to load font information for OMX+mdput on input line
 128.
(/home/matt/.TinyTeX/texmf-dist/tex/latex/mathdesign/mdput/omxmdput.fd
File: omxmdput.fd 2013/08/29 Fontinst v1.933 font definitions for OMX/mdput.
)
LaTeX Font Info:    Font shape `OMX/mdput/m/n' will be
(Font)              scaled to size 11.28003pt on input line 128.
LaTeX Font Info:    Font shape `OMX/mdput/m/n' will be
(Font)              scaled to size 7.52002pt on input line 128.
LaTeX Font Info:    Font shape `OMX/mdput/m/n' will be
(Font)              scaled to size 5.64001pt on input line 128.
LaTeX Font Info:    Trying to load font information for U+msa on input line 128
.
(/home/matt/.TinyTeX/texmf-dist/tex/latex/amsfonts/umsa.fd
File: umsa.fd 2013/01/14 v3.01 AMS symbols A
)
LaTeX Font Info:    Trying to load font information for U+msb on input line 128
.
(/home/matt/.TinyTeX/texmf-dist/tex/latex/amsfonts/umsb.fd
File: umsb.fd 2013/01/14 v3.01 AMS symbols B
)
LaTeX Font Info:    Font shape `OML/mdput/m/n' will be
(Font)              scaled to size 11.28003pt on input line 128.
LaTeX Font Info:    Font shape `OML/mdput/m/n' will be
(Font)              scaled to size 7.52002pt on input line 128.
LaTeX Font Info:    Font shape `OML/mdput/m/n' will be
(Font)              scaled to size 5.64001pt on input line 128.
LaTeX Font Info:    Trying to load font information for MDA+mdput on input line
 128.
(/home/matt/.TinyTeX/texmf-dist/tex/latex/mathdesign/mdput/mdamdput.fd
File: mdamdput.fd 2013/08/29 Fontinst v1.933 font definitions for MDA/mdput.
)
LaTeX Font Info:    Font shape `MDA/mdput/m/n' will be
(Font)              scaled to size 11.28003pt on input line 128.
LaTeX Font Info:    Font shape `MDA/mdput/m/n' will be
(Font)              scaled to size 7.52002pt on input line 128.
LaTeX Font Info:    Font shape `MDA/mdput/m/n' will be
(Font)              scaled to size 5.64001pt on input line 128.
LaTeX Font Info:    Trying to load font information for MDB+mdput on input line
 128.
(/home/matt/.TinyTeX/texmf-dist/tex/latex/mathdesign/mdput/mdbmdput.fd
File: mdbmdput.fd 2013/08/29 Fontinst v1.933 font definitions for MDB/mdput.
)
LaTeX Font Info:    Font shape `MDB/mdput/m/n' will be
(Font)              scaled to size 11.28003pt on input line 128.
LaTeX Font Info:    Font shape `MDB/mdput/m/n' will be
(Font)              scaled to size 7.52002pt on input line 128.
LaTeX Font Info:    Font shape `MDB/mdput/m/n' will be
(Font)              scaled to size 5.64001pt on input line 128.
[1


{/home/matt/.TinyTeX/texmf-var/fonts/map/pdftex/updmap/pdftex.map} <./logo.png>
]
LaTeX Font Info:    Font shape `T1/mdput/m/sl' will be
(Font)              scaled to size 9.40002pt on input line 133.
[2

]
LaTeX Font Info:    Font shape `T1/mdput/m/n' will be
(Font)              scaled to size 23.38725pt on input line 133.
LaTeX Font Info:    Font shape `T1/mdput/b/n' will be
(Font)              scaled to size 23.38725pt on input line 133.
(./RxODE-manual.toc
LaTeX Font Info:    Font shape `T1/mdput/b/n' will be
(Font)              scaled to size 9.40002pt on input line 1.
LaTeX Font Info:    Font shape `OT1/mdput/m/n' will be
(Font)              scaled to size 9.40002pt on input line 3.
LaTeX Font Info:    Font shape `OT1/mdput/m/n' will be
(Font)              scaled to size 6.58002pt on input line 3.
LaTeX Font Info:    Font shape `OT1/mdput/m/n' will be
(Font)              scaled to size 4.70001pt on input line 3.
LaTeX Font Info:    Font shape `OML/mdput/m/it' will be
(Font)              scaled to size 9.40002pt on input line 3.
LaTeX Font Info:    Font shape `OML/mdput/m/it' will be
(Font)              scaled to size 6.58002pt on input line 3.
LaTeX Font Info:    Font shape `OML/mdput/m/it' will be
(Font)              scaled to size 4.70001pt on input line 3.
LaTeX Font Info:    Font shape `OMS/mdput/m/n' will be
(Font)              scaled to size 9.40002pt on input line 3.
LaTeX Font Info:    Font shape `OMS/mdput/m/n' will be
(Font)              scaled to size 6.58002pt on input line 3.
LaTeX Font Info:    Font shape `OMS/mdput/m/n' will be
(Font)              scaled to size 4.70001pt on input line 3.
LaTeX Font Info:    Font shape `OMX/mdput/m/n' will be
(Font)              scaled to size 9.40002pt on input line 3.
LaTeX Font Info:    Font shape `OMX/mdput/m/n' will be
(Font)              scaled to size 6.58002pt on input line 3.
LaTeX Font Info:    Font shape `OMX/mdput/m/n' will be
(Font)              scaled to size 4.70001pt on input line 3.
LaTeX Font Info:    Font shape `OML/mdput/m/n' will be
(Font)              scaled to size 9.40002pt on input line 3.
LaTeX Font Info:    Font shape `OML/mdput/m/n' will be
(Font)              scaled to size 6.58002pt on input line 3.
LaTeX Font Info:    Font shape `OML/mdput/m/n' will be
(Font)              scaled to size 4.70001pt on input line 3.
LaTeX Font Info:    Font shape `MDA/mdput/m/n' will be
(Font)              scaled to size 9.40002pt on input line 3.
LaTeX Font Info:    Font shape `MDA/mdput/m/n' will be
(Font)              scaled to size 6.58002pt on input line 3.
LaTeX Font Info:    Font shape `MDA/mdput/m/n' will be
(Font)              scaled to size 4.70001pt on input line 3.
LaTeX Font Info:    Font shape `MDB/mdput/m/n' will be
(Font)              scaled to size 9.40002pt on input line 3.
LaTeX Font Info:    Font shape `MDB/mdput/m/n' will be
(Font)              scaled to size 6.58002pt on input line 3.
LaTeX Font Info:    Font shape `MDB/mdput/m/n' will be
(Font)              scaled to size 4.70001pt on input line 3.
[3]
Overfull \hbox (0.37598pt too wide) detected at line 152
 []\T1/mdput/m/n/10 101
 []


Overfull \hbox (0.37598pt too wide) detected at line 158
 []\T1/mdput/m/n/10 101
 []

[4
design size mismatch in local font md-utro8t in virtual font mdputro8t.vf ignor
ed.]
Overfull \hbox (0.37598pt too wide) detected at line 162
 []\T1/mdput/m/n/10 103
 []


Overfull \hbox (0.37598pt too wide) detected at line 166
 []\T1/mdput/m/n/10 106
 []


Overfull \hbox (0.37598pt too wide) detected at line 172
 []\T1/mdput/m/n/10 115
 []

)
\tf@toc=\write5
\openout5 = `RxODE-manual.toc'.

[5] [6

]
Chapter 1.
LaTeX Font Info:    Font shape `T1/mdput/m/n' will be
(Font)              scaled to size 19.49565pt on input line 136.
LaTeX Font Info:    Font shape `T1/mdput/b/n' will be
(Font)              scaled to size 19.49565pt on input line 136.
LaTeX Font Info:    Trying to load font information for TS1+mdput on input line
 145.
(/home/matt/.TinyTeX/texmf-dist/tex/latex/mathdesign/mdput/ts1mdput.fd
File: ts1mdput.fd 2013/08/29 Fontinst v1.933 font definitions for TS1/mdput.
)
LaTeX Font Info:    Font shape `TS1/mdput/m/n' will be
(Font)              scaled to size 9.40002pt on input line 145.
LaTeX Font Info:    Trying to load font information for T1+lmtt on input line 1
45.
(/home/matt/.TinyTeX/texmf-dist/tex/latex/lm/t1lmtt.fd
File: t1lmtt.fd 2009/10/30 v1.6 Font defs for Latin Modern
)
Underfull \hbox (badness 1348) in paragraph at lines 156--159
[]\T1/mdput/m/n/10 created with \T1/lmtt/m/n/10 et() \T1/mdput/m/n/10 or \T1/lm
tt/m/n/10 EventTable() \T1/mdput/m/n/10 for easy sim-u-la-tion of events
 []

[7] [8

]
Chapter 2.
LaTeX Font Info:    Font shape `T1/mdput/m/n' will be
(Font)              scaled to size 13.53603pt on input line 200.
LaTeX Font Info:    Font shape `T1/mdput/b/n' will be
(Font)              scaled to size 13.53603pt on input line 200.
[9] [10]
Chapter 3.
[11

]
LaTeX Font Info:    Font shape `T1/mdput/b/n' will be
(Font)              scaled to size 11.28003pt on input line 368.

Underfull \hbox (badness 3271) in paragraph at lines 377--381
[][][]\T1/mdput/m/n/10 pmxTools[][] cur-rently have 1-3 com-part-ment (super-po
sitioning) mod-els
 []

[12]
Chapter 4.
[13

] [14]
Chapter 5.
[15

]
LaTeX Font Info:    Trying to load font information for TS1+lmtt on input line 
575.
(/home/matt/.TinyTeX/texmf-dist/tex/latex/lm/ts1lmtt.fd
File: ts1lmtt.fd 2009/10/30 v1.6 Font defs for Latin Modern
) [16] [17]
Overfull \hbox (1.499pt too wide) in paragraph at lines 723--723
[]\T1/lmtt/m/n/10 #>      V2      V3      KA      CL       Q     Kin    Kout   
 EC50[] 
 []


Overfull \hbox (1.499pt too wide) in paragraph at lines 723--723
[]\T1/lmtt/m/n/10 #>  40.200 297.000   0.294  18.600  10.500   1.000   1.000 20
0.000[] 
 []

[18]
<RxODE-manual_files/figure-latex/intro-central-1.pdf, id=421, 469.755pt x 325.2
15pt>
File: RxODE-manual_files/figure-latex/intro-central-1.pdf Graphic file (type pd
f)
<use RxODE-manual_files/figure-latex/intro-central-1.pdf>
Package pdftex.def Info: RxODE-manual_files/figure-latex/intro-central-1.pdf  u
sed on input line 735.
(pdftex.def)             Requested size: 344.997pt x 238.84406pt.
<RxODE-manual_files/figure-latex/intro-effect-1.pdf, id=422, 469.755pt x 325.21
5pt>
File: RxODE-manual_files/figure-latex/intro-effect-1.pdf Graphic file (type pdf
)
<use RxODE-manual_files/figure-latex/intro-effect-1.pdf>
Package pdftex.def Info: RxODE-manual_files/figure-latex/intro-effect-1.pdf  us
ed on input line 745.
(pdftex.def)             Requested size: 344.997pt x 238.84406pt.

Underfull \vbox (badness 10000) has occurred while \output is active []

[19 <./RxODE-manual_files/figure-latex/intro-central-1.pdf>] [20 <./RxODE-manua
l_files/figure-latex/intro-effect-1.pdf>]
Chapter 6.

Underfull \vbox (badness 2698) has occurred while \output is active []

[21

]
Underfull \hbox (badness 2088) in paragraph at lines 804--808
[]\T1/mdput/m/n/10 special \T1/mdput/b/n/10 time-derivative \T1/mdput/m/n/10 as
-sign-ments, where the left hand spec-i-fies the
 []


Underfull \hbox (badness 4967) in paragraph at lines 812--819
\T1/mdput/b/n/10 time \T1/mdput/m/n/10 (\T1/lmtt/m/n/10 alag(depot)=0\T1/mdput/
m/n/10 ), \T1/mdput/b/n/10 mod-eled rate \T1/mdput/m/n/10 (\T1/lmtt/m/n/10 rate
(depot)=2\T1/mdput/m/n/10 ) and \T1/mdput/b/n/10 mod-eled
 []

[22]
LaTeX Font Info:    Font shape `T1/mdput/m/it' will be
(Font)              scaled to size 9.40002pt on input line 900.
[23] [24] [25]
Underfull \vbox (badness 10000) detected at line 1072
 []


Underfull \vbox (badness 10000) detected at line 1072
 []

[26]
Overfull \hbox (59.24883pt too wide) in paragraph at lines 1172--1172
[]\T1/lmtt/m/n/10 #> RxODE 1.0.4 model named rx_7c7c2272051eed9f31106393caec337
b model (ready).[] 
 []


Overfull \hbox (258.74825pt too wide) in paragraph at lines 1172--1172
[]\T1/lmtt/m/n/10 #> DLL: /home/matt/.cache/R/RxODE/rx_7c7c2272051eed9f31106393
caec337b__.rxd/rx_7c7c2272051eed9f31106393caec337b_.so[] 
 []


Overfull \hbox (59.24883pt too wide) in paragraph at lines 1172--1172
[]\T1/lmtt/m/n/10 #>  [1] "KbBR"  "KbMU"  "KbAD"  "CLint" "KbBO"  "KbRB"  "CO" 
   "QHT"   "QBR"[] 
 []


Overfull \hbox (59.24883pt too wide) in paragraph at lines 1172--1172
[]\T1/lmtt/m/n/10 #> [10] "QMU"   "QAD"   "QSK"   "QSP"   "QPA"   "QLI"   "QST"
   "QGU"   "QHA"[] 
 []


Overfull \hbox (59.24883pt too wide) in paragraph at lines 1172--1172
[]\T1/lmtt/m/n/10 #> [19] "QBO"   "QKI"   "QRB"   "QLU"   "VLU"   "VHT"   "VBR"
   "VMU"   "VAD"[] 
 []


Overfull \hbox (59.24883pt too wide) in paragraph at lines 1172--1172
[]\T1/lmtt/m/n/10 #> [28] "VSK"   "VSP"   "VPA"   "VLI"   "VST"   "VGU"   "VBO"
   "VKI"   "VAB"[] 
 []


Overfull \hbox (64.49881pt too wide) in paragraph at lines 1172--1172
[]\T1/lmtt/m/n/10 #> [37] "VVB"   "VRB"   "fub"   "KbLU"  "KbHT"  "KbSK"  "KbSP
"  "KbPA"  "KbLI"[] 
 []

[27]
Overfull \hbox (11.99896pt too wide) in paragraph at lines 1172--1172
[]\T1/lmtt/m/n/10 #>     d/dt(Muscles) = QMU * (Arterial_Blood/VAB - Muscles/Kb
MU/VMU)[] 
 []


Overfull \hbox (11.99896pt too wide) in paragraph at lines 1172--1172
[]\T1/lmtt/m/n/10 #>     d/dt(Adipose) = QAD * (Arterial_Blood/VAB - Adipose/Kb
AD/VAD)[] 
 []


Overfull \hbox (1.499pt too wide) in paragraph at lines 1172--1172
[]\T1/lmtt/m/n/10 #>     d/dt(Spleen) = QSP * (Arterial_Blood/VAB - Spleen/KbSP
/VSP)[] 
 []


Overfull \hbox (22.49893pt too wide) in paragraph at lines 1172--1172
[]\T1/lmtt/m/n/10 #>     d/dt(Pancreas) = QPA * (Arterial_Blood/VAB - Pancreas/
KbPA/VPA)[] 
 []


Overfull \hbox (27.74892pt too wide) in paragraph at lines 1172--1172
[]\T1/lmtt/m/n/10 #>     d/dt(Liver) = QHA * Arterial_Blood/VAB + QSP * Spleen/
KbSP/VSP +[] 
 []


Overfull \hbox (6.74898pt too wide) in paragraph at lines 1172--1172
[]\T1/lmtt/m/n/10 #>         QPA * Pancreas/KbPA/VPA + QST * Stomach/KbST/VST +
 QGU *[] 
 []


Overfull \hbox (59.24883pt too wide) in paragraph at lines 1172--1172
[]\T1/lmtt/m/n/10 #>         Gut/KbGU/VGU - CLint * fub * Liver/KbLI/VLI - QLI 
* Liver/KbLI/VLI[] 
 []


Overfull \hbox (11.99896pt too wide) in paragraph at lines 1172--1172
[]\T1/lmtt/m/n/10 #>     d/dt(Stomach) = QST * (Arterial_Blood/VAB - Stomach/Kb
ST/VST)[] 
 []


Overfull \hbox (11.99896pt too wide) in paragraph at lines 1172--1172
[]\T1/lmtt/m/n/10 #>     d/dt(Kidneys) = QKI * (Arterial_Blood/VAB - Kidneys/Kb
KI/VKI)[] 
 []


Overfull \hbox (38.24889pt too wide) in paragraph at lines 1172--1172
[]\T1/lmtt/m/n/10 #>     d/dt(Arterial_Blood) = QLU * (Lungs/KbLU/VLU - Arteria
l_Blood/VAB)[] 
 []

[28]
Overfull \hbox (38.24889pt too wide) in paragraph at lines 1172--1172
[]\T1/lmtt/m/n/10 #>     d/dt(Venous_Blood) = QHT * Heart/KbHT/VHT + QBR * Brai
n/KbBR/VBR +[] 
 []


Overfull \hbox (1.499pt too wide) in paragraph at lines 1172--1172
[]\T1/lmtt/m/n/10 #>         QMU * Muscles/KbMU/VMU + QAD * Adipose/KbAD/VAD + 
QSK *[] 
 []


Overfull \hbox (32.9989pt too wide) in paragraph at lines 1172--1172
[]\T1/lmtt/m/n/10 #>         Skin/KbSK/VSK + QLI * Liver/KbLI/VLI + QBO * Bones
/KbBO/VBO +[] 
 []


Overfull \hbox (64.49881pt too wide) in paragraph at lines 1172--1172
[]\T1/lmtt/m/n/10 #>     d/dt(Rest_of_Body) = QRB * (Arterial_Blood/VAB - Rest_
of_Body/KbRB/VRB)[] 
 []

[29]
Underfull \vbox (badness 10000) detected at line 1286
 []


Underfull \vbox (badness 10000) detected at line 1286
 []

[30]
Overfull \hbox (59.24883pt too wide) in paragraph at lines 1301--1301
[]\T1/lmtt/m/n/10 #> RxODE 1.0.4 model named rx_1ba4e3e59709f3823846d20a74a04bf
1 model (ready).[] 
 []


Overfull \hbox (463.49765pt too wide) in paragraph at lines 1301--1301
[]\T1/lmtt/m/n/10 #> x$state: Venous_Blood, Skin, Lungs, Heart, Brain, Muscles,
 Adipose, Spleen, Pancreas, Liver, Stomach, Gut, Bones, Kidneys, Arterial_Blood
, Rest_of_Body[] 
 []


Overfull \hbox (69.7488pt too wide) in paragraph at lines 1301--1301
[]\T1/lmtt/m/n/10 #> x$params: lKbBR, lKbMU, lKbAD, lCLint, eta.LClint, lKbBO, 
lKbRB, WT, BP, fup[] 
 []


Overfull \hbox (1088.24583pt too wide) in paragraph at lines 1301--1301
[]\T1/lmtt/m/n/10 #> x$lhs: KbBR, KbMU, KbAD, CLint, KbBO, KbRB, CO, QHT, QBR, 
QMU, QAD, QSK, QSP, QPA, QLI, QST, QGU, QHA, QBO, QKI, QRB, QLU, VLU, VHT, VBR,
 VMU, VAD, VSK, VSP, VPA, VLI, VST, VGU, VBO, VKI, VAB, VVB, VRB, fub, KbLU, Kb
HT, KbSK, KbSP, KbPA, KbLI, KbST, KbGU, KbKI, S15, C15[] 
 []

[31]
Overfull \hbox (59.24883pt too wide) in paragraph at lines 1332--1332
[]\T1/lmtt/m/n/10 #> RxODE 1.0.4 model named rx_d7b072a8a056bc2b5099d6746c37859
0 model (ready).[] 
 []


Overfull \hbox (48.74886pt too wide) in paragraph at lines 1350--1350
[]  \T1/lmtt/m/n/10 Evaluation error: Compartment \TS1/lmtt/m/n/10 '\T1/lmtt/m/
n/10 eff\TS1/lmtt/m/n/10 ' \T1/lmtt/m/n/10 needs differential equations defined
.[] 
 []

[32]
Chapter 7.
[33

] [34]
Underfull \hbox (badness 10000) in paragraph at lines 1540--1543
[]\T1/mdput/m/n/10 These can only be ac-cessed when solv-ing with the op-tion c
om-bi-na-tion
 []


Underfull \hbox (badness 3679) in paragraph at lines 1540--1543
\T1/lmtt/m/n/10 addDosing=TRUE \T1/mdput/m/n/10 and \T1/lmtt/m/n/10 subsetNonme
m=FALSE\T1/mdput/m/n/10 . If you want to see the clas-sic
 []

[35]
Overfull \hbox (22.49893pt too wide) in paragraph at lines 1616--1616
[]\T1/lmtt/m/n/10 #>    1 dosing records (see x$get.dosing(); add with add.dosi
ng or et)[] 
 []


Overfull \hbox (69.7488pt too wide) in paragraph at lines 1616--1616
[]\T1/lmtt/m/n/10 #>    100 observation times (see x$get.sampling(); add with a
dd.sampling or et)[] 
 []


Overfull \hbox (64.49881pt too wide) in paragraph at lines 1616--1616
[]\T1/lmtt/m/n/10 #>    multiple doses in \TS1/lmtt/m/n/10 `\T1/lmtt/m/n/10 add
l\TS1/lmtt/m/n/10 ` \T1/lmtt/m/n/10 columns, expand with x$expand(); or etExpan
d(x)[] 
 []

<RxODE-manual_files/figure-latex/unnamed-chunk-33-1.pdf, id=537, 469.755pt x 32
5.215pt>
File: RxODE-manual_files/figure-latex/unnamed-chunk-33-1.pdf Graphic file (type
 pdf)
<use RxODE-manual_files/figure-latex/unnamed-chunk-33-1.pdf>
Package pdftex.def Info: RxODE-manual_files/figure-latex/unnamed-chunk-33-1.pdf
  used on input line 1625.
(pdftex.def)             Requested size: 344.997pt x 238.84406pt.

Underfull \vbox (badness 10000) has occurred while \output is active []

[36] [37 <./RxODE-manual_files/figure-latex/unnamed-chunk-33-1.pdf>]
Overfull \hbox (22.49893pt too wide) in paragraph at lines 1683--1683
[]\T1/lmtt/m/n/10 #>    1 dosing records (see x$get.dosing(); add with add.dosi
ng or et)[] 
 []


Overfull \hbox (69.7488pt too wide) in paragraph at lines 1683--1683
[]\T1/lmtt/m/n/10 #>    100 observation times (see x$get.sampling(); add with a
dd.sampling or et)[] 
 []


Overfull \hbox (64.49881pt too wide) in paragraph at lines 1683--1683
[]\T1/lmtt/m/n/10 #>    multiple doses in \TS1/lmtt/m/n/10 `\T1/lmtt/m/n/10 add
l\TS1/lmtt/m/n/10 ` \T1/lmtt/m/n/10 columns, expand with x$expand(); or etExpan
d(x)[] 
 []

<RxODE-manual_files/figure-latex/unnamed-chunk-35-1.pdf, id=556, 469.755pt x 32
5.215pt>
File: RxODE-manual_files/figure-latex/unnamed-chunk-35-1.pdf Graphic file (type
 pdf)
<use RxODE-manual_files/figure-latex/unnamed-chunk-35-1.pdf>
Package pdftex.def Info: RxODE-manual_files/figure-latex/unnamed-chunk-35-1.pdf
  used on input line 1692.
(pdftex.def)             Requested size: 344.997pt x 238.84406pt.
[38 <./RxODE-manual_files/figure-latex/unnamed-chunk-35-1.pdf>]
Overfull \hbox (22.49893pt too wide) in paragraph at lines 1727--1727
[]\T1/lmtt/m/n/10 #>    1 dosing records (see x$get.dosing(); add with add.dosi
ng or et)[] 
 []


Overfull \hbox (69.7488pt too wide) in paragraph at lines 1727--1727
[]\T1/lmtt/m/n/10 #>    100 observation times (see x$get.sampling(); add with a
dd.sampling or et)[] 
 []


Overfull \hbox (64.49881pt too wide) in paragraph at lines 1727--1727
[]\T1/lmtt/m/n/10 #>    multiple doses in \TS1/lmtt/m/n/10 `\T1/lmtt/m/n/10 add
l\TS1/lmtt/m/n/10 ` \T1/lmtt/m/n/10 columns, expand with x$expand(); or etExpan
d(x)[] 
 []

<RxODE-manual_files/figure-latex/unnamed-chunk-37-1.pdf, id=568, 469.755pt x 32
5.215pt>
File: RxODE-manual_files/figure-latex/unnamed-chunk-37-1.pdf Graphic file (type
 pdf)
<use RxODE-manual_files/figure-latex/unnamed-chunk-37-1.pdf>
Package pdftex.def Info: RxODE-manual_files/figure-latex/unnamed-chunk-37-1.pdf
  used on input line 1736.
(pdftex.def)             Requested size: 344.997pt x 238.84406pt.

Underfull \vbox (badness 10000) has occurred while \output is active []

[39]
<RxODE-manual_files/figure-latex/unnamed-chunk-38-1.pdf, id=573, 469.755pt x 32
5.215pt>
File: RxODE-manual_files/figure-latex/unnamed-chunk-38-1.pdf Graphic file (type
 pdf)
<use RxODE-manual_files/figure-latex/unnamed-chunk-38-1.pdf>
Package pdftex.def Info: RxODE-manual_files/figure-latex/unnamed-chunk-38-1.pdf
  used on input line 1751.
(pdftex.def)             Requested size: 344.997pt x 238.84406pt.

Underfull \vbox (badness 10000) has occurred while \output is active []

[40 <./RxODE-manual_files/figure-latex/unnamed-chunk-37-1.pdf>]
<RxODE-manual_files/figure-latex/unnamed-chunk-39-1.pdf, id=584, 469.755pt x 32
5.215pt>
File: RxODE-manual_files/figure-latex/unnamed-chunk-39-1.pdf Graphic file (type
 pdf)
<use RxODE-manual_files/figure-latex/unnamed-chunk-39-1.pdf>
Package pdftex.def Info: RxODE-manual_files/figure-latex/unnamed-chunk-39-1.pdf
  used on input line 1762.
(pdftex.def)             Requested size: 344.997pt x 238.84406pt.
[41 <./RxODE-manual_files/figure-latex/unnamed-chunk-38-1.pdf> <./RxODE-manual_
files/figure-latex/unnamed-chunk-39-1.pdf>]
<RxODE-manual_files/figure-latex/unnamed-chunk-41-1.pdf, id=601, 469.755pt x 32
5.215pt>
File: RxODE-manual_files/figure-latex/unnamed-chunk-41-1.pdf Graphic file (type
 pdf)
<use RxODE-manual_files/figure-latex/unnamed-chunk-41-1.pdf>
Package pdftex.def Info: RxODE-manual_files/figure-latex/unnamed-chunk-41-1.pdf
  used on input line 1799.
(pdftex.def)             Requested size: 344.997pt x 238.84406pt.
[42 <./RxODE-manual_files/figure-latex/unnamed-chunk-41-1.pdf>]
Overfull \hbox (22.49893pt too wide) in paragraph at lines 1839--1839
[]\T1/lmtt/m/n/10 #>    1 dosing records (see x$get.dosing(); add with add.dosi
ng or et)[] 
 []


Overfull \hbox (69.7488pt too wide) in paragraph at lines 1839--1839
[]\T1/lmtt/m/n/10 #>    100 observation times (see x$get.sampling(); add with a
dd.sampling or et)[] 
 []


Overfull \hbox (64.49881pt too wide) in paragraph at lines 1839--1839
[]\T1/lmtt/m/n/10 #>    multiple doses in \TS1/lmtt/m/n/10 `\T1/lmtt/m/n/10 add
l\TS1/lmtt/m/n/10 ` \T1/lmtt/m/n/10 columns, expand with x$expand(); or etExpan
d(x)[] 
 []

<RxODE-manual_files/figure-latex/unnamed-chunk-43-1.pdf, id=613, 469.755pt x 32
5.215pt>
File: RxODE-manual_files/figure-latex/unnamed-chunk-43-1.pdf Graphic file (type
 pdf)
<use RxODE-manual_files/figure-latex/unnamed-chunk-43-1.pdf>
Package pdftex.def Info: RxODE-manual_files/figure-latex/unnamed-chunk-43-1.pdf
  used on input line 1848.
(pdftex.def)             Requested size: 344.997pt x 238.84406pt.

Underfull \vbox (badness 10000) has occurred while \output is active []

[43]
Overfull \hbox (22.49893pt too wide) in paragraph at lines 1885--1885
[]\T1/lmtt/m/n/10 #>    1 dosing records (see x$get.dosing(); add with add.dosi
ng or et)[] 
 []


Overfull \hbox (69.7488pt too wide) in paragraph at lines 1885--1885
[]\T1/lmtt/m/n/10 #>    100 observation times (see x$get.sampling(); add with a
dd.sampling or et)[] 
 []


Overfull \hbox (64.49881pt too wide) in paragraph at lines 1885--1885
[]\T1/lmtt/m/n/10 #>    multiple doses in \TS1/lmtt/m/n/10 `\T1/lmtt/m/n/10 add
l\TS1/lmtt/m/n/10 ` \T1/lmtt/m/n/10 columns, expand with x$expand(); or etExpan
d(x)[] 
 []

[44 <./RxODE-manual_files/figure-latex/unnamed-chunk-43-1.pdf>]
<RxODE-manual_files/figure-latex/unnamed-chunk-45-1.pdf, id=630, 469.755pt x 32
5.215pt>
File: RxODE-manual_files/figure-latex/unnamed-chunk-45-1.pdf Graphic file (type
 pdf)
<use RxODE-manual_files/figure-latex/unnamed-chunk-45-1.pdf>
Package pdftex.def Info: RxODE-manual_files/figure-latex/unnamed-chunk-45-1.pdf
  used on input line 1894.
(pdftex.def)             Requested size: 344.997pt x 238.84406pt.

Overfull \hbox (22.49893pt too wide) in paragraph at lines 1932--1932
[]\T1/lmtt/m/n/10 #>    1 dosing records (see x$get.dosing(); add with add.dosi
ng or et)[] 
 []


Overfull \hbox (69.7488pt too wide) in paragraph at lines 1932--1932
[]\T1/lmtt/m/n/10 #>    100 observation times (see x$get.sampling(); add with a
dd.sampling or et)[] 
 []

[45 <./RxODE-manual_files/figure-latex/unnamed-chunk-45-1.pdf>]
<RxODE-manual_files/figure-latex/unnamed-chunk-47-1.pdf, id=642, 469.755pt x 32
5.215pt>
File: RxODE-manual_files/figure-latex/unnamed-chunk-47-1.pdf Graphic file (type
 pdf)
<use RxODE-manual_files/figure-latex/unnamed-chunk-47-1.pdf>
Package pdftex.def Info: RxODE-manual_files/figure-latex/unnamed-chunk-47-1.pdf
  used on input line 1940.
(pdftex.def)             Requested size: 344.997pt x 238.84406pt.
[46 <./RxODE-manual_files/figure-latex/unnamed-chunk-47-1.pdf>]
<RxODE-manual_files/figure-latex/unnamed-chunk-48-1.pdf, id=655, 469.755pt x 32
5.215pt>
File: RxODE-manual_files/figure-latex/unnamed-chunk-48-1.pdf Graphic file (type
 pdf)
<use RxODE-manual_files/figure-latex/unnamed-chunk-48-1.pdf>
Package pdftex.def Info: RxODE-manual_files/figure-latex/unnamed-chunk-48-1.pdf
  used on input line 1980.
(pdftex.def)             Requested size: 344.997pt x 238.84406pt.
[47 <./RxODE-manual_files/figure-latex/unnamed-chunk-48-1.pdf>]
<RxODE-manual_files/figure-latex/unnamed-chunk-49-1.pdf, id=670, 469.755pt x 32
5.215pt>
File: RxODE-manual_files/figure-latex/unnamed-chunk-49-1.pdf Graphic file (type
 pdf)
<use RxODE-manual_files/figure-latex/unnamed-chunk-49-1.pdf>
Package pdftex.def Info: RxODE-manual_files/figure-latex/unnamed-chunk-49-1.pdf
  used on input line 2038.
(pdftex.def)             Requested size: 344.997pt x 238.84406pt.

Underfull \vbox (badness 10000) has occurred while \output is active []

[48]
Overfull \hbox (22.49893pt too wide) in paragraph at lines 2081--2081
[]\T1/lmtt/m/n/10 #>    2 dosing records (see x$get.dosing(); add with add.dosi
ng or et)[] 
 []


Overfull \hbox (69.7488pt too wide) in paragraph at lines 2081--2081
[]\T1/lmtt/m/n/10 #>    100 observation times (see x$get.sampling(); add with a
dd.sampling or et)[] 
 []


Overfull \hbox (64.49881pt too wide) in paragraph at lines 2081--2081
[]\T1/lmtt/m/n/10 #>    multiple doses in \TS1/lmtt/m/n/10 `\T1/lmtt/m/n/10 add
l\TS1/lmtt/m/n/10 ` \T1/lmtt/m/n/10 columns, expand with x$expand(); or etExpan
d(x)[] 
 []

[49 <./RxODE-manual_files/figure-latex/unnamed-chunk-49-1.pdf>]
<RxODE-manual_files/figure-latex/unnamed-chunk-51-1.pdf, id=688, 469.755pt x 32
5.215pt>
File: RxODE-manual_files/figure-latex/unnamed-chunk-51-1.pdf Graphic file (type
 pdf)
<use RxODE-manual_files/figure-latex/unnamed-chunk-51-1.pdf>
Package pdftex.def Info: RxODE-manual_files/figure-latex/unnamed-chunk-51-1.pdf
  used on input line 2091.
(pdftex.def)             Requested size: 344.997pt x 238.84406pt.
[50 <./RxODE-manual_files/figure-latex/unnamed-chunk-51-1.pdf>]
Overfull \hbox (22.49893pt too wide) in paragraph at lines 2128--2128
[]\T1/lmtt/m/n/10 #>    2 dosing records (see x$get.dosing(); add with add.dosi
ng or et)[] 
 []


Overfull \hbox (69.7488pt too wide) in paragraph at lines 2128--2128
[]\T1/lmtt/m/n/10 #>    100 observation times (see x$get.sampling(); add with a
dd.sampling or et)[] 
 []


Overfull \hbox (64.49881pt too wide) in paragraph at lines 2128--2128
[]\T1/lmtt/m/n/10 #>    multiple doses in \TS1/lmtt/m/n/10 `\T1/lmtt/m/n/10 add
l\TS1/lmtt/m/n/10 ` \T1/lmtt/m/n/10 columns, expand with x$expand(); or etExpan
d(x)[] 
 []

<RxODE-manual_files/figure-latex/unnamed-chunk-53-1.pdf, id=700, 469.755pt x 32
5.215pt>
File: RxODE-manual_files/figure-latex/unnamed-chunk-53-1.pdf Graphic file (type
 pdf)
<use RxODE-manual_files/figure-latex/unnamed-chunk-53-1.pdf>
Package pdftex.def Info: RxODE-manual_files/figure-latex/unnamed-chunk-53-1.pdf
  used on input line 2138.
(pdftex.def)             Requested size: 344.997pt x 238.84406pt.

Underfull \vbox (badness 10000) has occurred while \output is active []

[51]
Overfull \hbox (22.49893pt too wide) in paragraph at lines 2177--2177
[]\T1/lmtt/m/n/10 #>    2 dosing records (see x$get.dosing(); add with add.dosi
ng or et)[] 
 []


Overfull \hbox (69.7488pt too wide) in paragraph at lines 2177--2177
[]\T1/lmtt/m/n/10 #>    100 observation times (see x$get.sampling(); add with a
dd.sampling or et)[] 
 []


Overfull \hbox (64.49881pt too wide) in paragraph at lines 2177--2177
[]\T1/lmtt/m/n/10 #>    multiple doses in \TS1/lmtt/m/n/10 `\T1/lmtt/m/n/10 add
l\TS1/lmtt/m/n/10 ` \T1/lmtt/m/n/10 columns, expand with x$expand(); or etExpan
d(x)[] 
 []

[52 <./RxODE-manual_files/figure-latex/unnamed-chunk-53-1.pdf>]
<RxODE-manual_files/figure-latex/unnamed-chunk-55-1.pdf, id=716, 469.755pt x 32
5.215pt>
File: RxODE-manual_files/figure-latex/unnamed-chunk-55-1.pdf Graphic file (type
 pdf)
<use RxODE-manual_files/figure-latex/unnamed-chunk-55-1.pdf>
Package pdftex.def Info: RxODE-manual_files/figure-latex/unnamed-chunk-55-1.pdf
  used on input line 2187.
(pdftex.def)             Requested size: 344.997pt x 238.84406pt.
[53 <./RxODE-manual_files/figure-latex/unnamed-chunk-55-1.pdf>]
<RxODE-manual_files/figure-latex/unnamed-chunk-56-1.pdf, id=727, 469.755pt x 32
5.215pt>
File: RxODE-manual_files/figure-latex/unnamed-chunk-56-1.pdf Graphic file (type
 pdf)
<use RxODE-manual_files/figure-latex/unnamed-chunk-56-1.pdf>
Package pdftex.def Info: RxODE-manual_files/figure-latex/unnamed-chunk-56-1.pdf
  used on input line 2209.
(pdftex.def)             Requested size: 344.997pt x 238.84406pt.
<RxODE-manual_files/figure-latex/unnamed-chunk-57-1.pdf, id=728, 469.755pt x 32
5.215pt>
File: RxODE-manual_files/figure-latex/unnamed-chunk-57-1.pdf Graphic file (type
 pdf)
<use RxODE-manual_files/figure-latex/unnamed-chunk-57-1.pdf>
Package pdftex.def Info: RxODE-manual_files/figure-latex/unnamed-chunk-57-1.pdf
  used on input line 2226.
(pdftex.def)             Requested size: 344.997pt x 238.84406pt.

Underfull \vbox (badness 10000) has occurred while \output is active []

[54 <./RxODE-manual_files/figure-latex/unnamed-chunk-56-1.pdf>] [55 <./RxODE-ma
nual_files/figure-latex/unnamed-chunk-57-1.pdf>]
Overfull \vbox (7.86336pt too high) has occurred while \output is active []

[56] [57] [58] [59] [60

]
Chapter 8.

Overfull \hbox (22.49893pt too wide) in paragraph at lines 2563--2563
[]\T1/lmtt/m/n/10 #>    0 dosing records (see x$get.dosing(); add with add.dosi
ng or et)[] 
 []


Overfull \hbox (59.24883pt too wide) in paragraph at lines 2563--2563
[]\T1/lmtt/m/n/10 #>    0 observation times (see x$get.sampling(); add with add
.sampling or et)[] 
 []


Overfull \hbox (22.49893pt too wide) in paragraph at lines 2578--2578
[]\T1/lmtt/m/n/10 #>    0 dosing records (see x$get.dosing(); add with add.dosi
ng or et)[] 
 []


Overfull \hbox (59.24883pt too wide) in paragraph at lines 2578--2578
[]\T1/lmtt/m/n/10 #>    0 observation times (see x$get.sampling(); add with add
.sampling or et)[] 
 []

[61]
Underfull \vbox (badness 10000) has occurred while \output is active []

[62]
Overfull \hbox (22.49893pt too wide) in paragraph at lines 2690--2690
[]\T1/lmtt/m/n/10 #>    2 dosing records (see x$get.dosing(); add with add.dosi
ng or et)[] 
 []


Overfull \hbox (59.24883pt too wide) in paragraph at lines 2690--2690
[]\T1/lmtt/m/n/10 #>    0 observation times (see x$get.sampling(); add with add
.sampling or et)[] 
 []


Overfull \hbox (64.49881pt too wide) in paragraph at lines 2690--2690
[]\T1/lmtt/m/n/10 #>    multiple doses in \TS1/lmtt/m/n/10 `\T1/lmtt/m/n/10 add
l\TS1/lmtt/m/n/10 ` \T1/lmtt/m/n/10 columns, expand with x$expand(); or etExpan
d(x)[] 
 []

[63]
<RxODE-manual_files/figure-latex/unnamed-chunk-62-1.pdf, id=809, 469.755pt x 32
5.215pt>
File: RxODE-manual_files/figure-latex/unnamed-chunk-62-1.pdf Graphic file (type
 pdf)
<use RxODE-manual_files/figure-latex/unnamed-chunk-62-1.pdf>
Package pdftex.def Info: RxODE-manual_files/figure-latex/unnamed-chunk-62-1.pdf
  used on input line 2706.
(pdftex.def)             Requested size: 344.997pt x 238.84406pt.

Overfull \hbox (22.49893pt too wide) in paragraph at lines 2732--2732
[]\T1/lmtt/m/n/10 #>    1 dosing records (see x$get.dosing(); add with add.dosi
ng or et)[] 
 []


Overfull \hbox (59.24883pt too wide) in paragraph at lines 2732--2732
[]\T1/lmtt/m/n/10 #>    0 observation times (see x$get.sampling(); add with add
.sampling or et)[] 
 []


Overfull \hbox (64.49881pt too wide) in paragraph at lines 2732--2732
[]\T1/lmtt/m/n/10 #>    multiple doses in \TS1/lmtt/m/n/10 `\T1/lmtt/m/n/10 add
l\TS1/lmtt/m/n/10 ` \T1/lmtt/m/n/10 columns, expand with x$expand(); or etExpan
d(x)[] 
 []

[64 <./RxODE-manual_files/figure-latex/unnamed-chunk-62-1.pdf>]
<RxODE-manual_files/figure-latex/unnamed-chunk-64-1.pdf, id=821, 469.755pt x 32
5.215pt>
File: RxODE-manual_files/figure-latex/unnamed-chunk-64-1.pdf Graphic file (type
 pdf)
<use RxODE-manual_files/figure-latex/unnamed-chunk-64-1.pdf>
Package pdftex.def Info: RxODE-manual_files/figure-latex/unnamed-chunk-64-1.pdf
  used on input line 2742.
(pdftex.def)             Requested size: 344.997pt x 238.84406pt.
[65 <./RxODE-manual_files/figure-latex/unnamed-chunk-64-1.pdf>]
Overfull \hbox (22.49893pt too wide) in paragraph at lines 2786--2786
[]\T1/lmtt/m/n/10 #>    1 dosing records (see x$get.dosing(); add with add.dosi
ng or et)[] 
 []


Overfull \hbox (59.24883pt too wide) in paragraph at lines 2786--2786
[]\T1/lmtt/m/n/10 #>    7 observation times (see x$get.sampling(); add with add
.sampling or et)[] 
 []


Overfull \hbox (64.49881pt too wide) in paragraph at lines 2786--2786
[]\T1/lmtt/m/n/10 #>    multiple doses in \TS1/lmtt/m/n/10 `\T1/lmtt/m/n/10 add
l\TS1/lmtt/m/n/10 ` \T1/lmtt/m/n/10 columns, expand with x$expand(); or etExpan
d(x)[] 
 []

<RxODE-manual_files/figure-latex/unnamed-chunk-66-1.pdf, id=833, 469.755pt x 32
5.215pt>
File: RxODE-manual_files/figure-latex/unnamed-chunk-66-1.pdf Graphic file (type
 pdf)
<use RxODE-manual_files/figure-latex/unnamed-chunk-66-1.pdf>
Package pdftex.def Info: RxODE-manual_files/figure-latex/unnamed-chunk-66-1.pdf
  used on input line 2796.
(pdftex.def)             Requested size: 344.997pt x 238.84406pt.
[66 <./RxODE-manual_files/figure-latex/unnamed-chunk-66-1.pdf>]
Overfull \hbox (22.49893pt too wide) in paragraph at lines 2829--2829
[]\T1/lmtt/m/n/10 #>    1 dosing records (see x$get.dosing(); add with add.dosi
ng or et)[] 
 []


Overfull \hbox (59.24883pt too wide) in paragraph at lines 2829--2829
[]\T1/lmtt/m/n/10 #>    7 observation times (see x$get.sampling(); add with add
.sampling or et)[] 
 []


Overfull \hbox (64.49881pt too wide) in paragraph at lines 2829--2829
[]\T1/lmtt/m/n/10 #>    multiple doses in \TS1/lmtt/m/n/10 `\T1/lmtt/m/n/10 add
l\TS1/lmtt/m/n/10 ` \T1/lmtt/m/n/10 columns, expand with x$expand(); or etExpan
d(x)[] 
 []

<RxODE-manual_files/figure-latex/unnamed-chunk-68-1.pdf, id=844, 469.755pt x 32
5.215pt>
File: RxODE-manual_files/figure-latex/unnamed-chunk-68-1.pdf Graphic file (type
 pdf)
<use RxODE-manual_files/figure-latex/unnamed-chunk-68-1.pdf>
Package pdftex.def Info: RxODE-manual_files/figure-latex/unnamed-chunk-68-1.pdf
  used on input line 2839.
(pdftex.def)             Requested size: 344.997pt x 238.84406pt.

Underfull \vbox (badness 10000) has occurred while \output is active []

[67]
Overfull \hbox (22.49893pt too wide) in paragraph at lines 2883--2883
[]\T1/lmtt/m/n/10 #>    4 dosing records (see x$get.dosing(); add with add.dosi
ng or et)[] 
 []


Overfull \hbox (69.7488pt too wide) in paragraph at lines 2883--2883
[]\T1/lmtt/m/n/10 #>    800 observation times (see x$get.sampling(); add with a
dd.sampling or et)[] 
 []


Overfull \hbox (64.49881pt too wide) in paragraph at lines 2883--2883
[]\T1/lmtt/m/n/10 #>    multiple doses in \TS1/lmtt/m/n/10 `\T1/lmtt/m/n/10 add
l\TS1/lmtt/m/n/10 ` \T1/lmtt/m/n/10 columns, expand with x$expand(); or etExpan
d(x)[] 
 []

[68 <./RxODE-manual_files/figure-latex/unnamed-chunk-68-1.pdf>]
Overfull \hbox (74.99878pt too wide) in paragraph at lines 2900--2900
[]\T1/lmtt/m/n/10 #> individual parameters are assumed to have the same order a
s the event dataset[] 
 []

<RxODE-manual_files/figure-latex/unnamed-chunk-70-1.pdf, id=861, 469.755pt x 32
5.215pt>
File: RxODE-manual_files/figure-latex/unnamed-chunk-70-1.pdf Graphic file (type
 pdf)
<use RxODE-manual_files/figure-latex/unnamed-chunk-70-1.pdf>
Package pdftex.def Info: RxODE-manual_files/figure-latex/unnamed-chunk-70-1.pdf
  used on input line 2902.
(pdftex.def)             Requested size: 344.997pt x 238.84406pt.
[69 <./RxODE-manual_files/figure-latex/unnamed-chunk-70-1.pdf>]
Overfull \hbox (27.74892pt too wide) in paragraph at lines 2951--2951
[]\T1/lmtt/m/n/10 #>    16 dosing records (see x$get.dosing(); add with add.dos
ing or et)[] 
 []


Overfull \hbox (59.24883pt too wide) in paragraph at lines 2951--2951
[]\T1/lmtt/m/n/10 #>    0 observation times (see x$get.sampling(); add with add
.sampling or et)[] 
 []

[70]
Overfull \hbox (74.99878pt too wide) in paragraph at lines 2969--2969
[]\T1/lmtt/m/n/10 #> individual parameters are assumed to have the same order a
s the event dataset[] 
 []

<RxODE-manual_files/figure-latex/unnamed-chunk-72-1.pdf, id=876, 469.755pt x 32
5.215pt>
File: RxODE-manual_files/figure-latex/unnamed-chunk-72-1.pdf Graphic file (type
 pdf)
<use RxODE-manual_files/figure-latex/unnamed-chunk-72-1.pdf>
Package pdftex.def Info: RxODE-manual_files/figure-latex/unnamed-chunk-72-1.pdf
  used on input line 2971.
(pdftex.def)             Requested size: 344.997pt x 238.84406pt.
[71 <./RxODE-manual_files/figure-latex/unnamed-chunk-72-1.pdf>]
Overfull \hbox (74.99878pt too wide) in paragraph at lines 2994--2994
[]\T1/lmtt/m/n/10 #> individual parameters are assumed to have the same order a
s the event dataset[] 
 []

<RxODE-manual_files/figure-latex/unnamed-chunk-73-1.pdf, id=887, 469.755pt x 32
5.215pt>
File: RxODE-manual_files/figure-latex/unnamed-chunk-73-1.pdf Graphic file (type
 pdf)
<use RxODE-manual_files/figure-latex/unnamed-chunk-73-1.pdf>
Package pdftex.def Info: RxODE-manual_files/figure-latex/unnamed-chunk-73-1.pdf
  used on input line 2996.
(pdftex.def)             Requested size: 344.997pt x 238.84406pt.
[72 <./RxODE-manual_files/figure-latex/unnamed-chunk-73-1.pdf>]
Overfull \hbox (74.99878pt too wide) in paragraph at lines 3029--3029
[]\T1/lmtt/m/n/10 #> individual parameters are assumed to have the same order a
s the event dataset[] 
 []

<RxODE-manual_files/figure-latex/unnamed-chunk-74-1.pdf, id=898, 469.755pt x 32
5.215pt>
File: RxODE-manual_files/figure-latex/unnamed-chunk-74-1.pdf Graphic file (type
 pdf)
<use RxODE-manual_files/figure-latex/unnamed-chunk-74-1.pdf>
Package pdftex.def Info: RxODE-manual_files/figure-latex/unnamed-chunk-74-1.pdf
  used on input line 3031.
(pdftex.def)             Requested size: 344.997pt x 238.84406pt.
[73 <./RxODE-manual_files/figure-latex/unnamed-chunk-74-1.pdf>]
<RxODE-manual_files/figure-latex/unnamed-chunk-75-1.pdf, id=912, 469.755pt x 32
5.215pt>
File: RxODE-manual_files/figure-latex/unnamed-chunk-75-1.pdf Graphic file (type
 pdf)
<use RxODE-manual_files/figure-latex/unnamed-chunk-75-1.pdf>
Package pdftex.def Info: RxODE-manual_files/figure-latex/unnamed-chunk-75-1.pdf
  used on input line 3066.
(pdftex.def)             Requested size: 344.997pt x 238.84406pt.
<RxODE-manual_files/figure-latex/unnamed-chunk-76-1.pdf, id=913, 469.755pt x 32
5.215pt>
File: RxODE-manual_files/figure-latex/unnamed-chunk-76-1.pdf Graphic file (type
 pdf)
<use RxODE-manual_files/figure-latex/unnamed-chunk-76-1.pdf>
Package pdftex.def Info: RxODE-manual_files/figure-latex/unnamed-chunk-76-1.pdf
  used on input line 3082.
(pdftex.def)             Requested size: 344.997pt x 238.84406pt.

Underfull \vbox (badness 10000) has occurred while \output is active []

[74 <./RxODE-manual_files/figure-latex/unnamed-chunk-75-1.pdf>]
<RxODE-manual_files/figure-latex/unnamed-chunk-77-1.pdf, id=924, 469.755pt x 32
5.215pt>
File: RxODE-manual_files/figure-latex/unnamed-chunk-77-1.pdf Graphic file (type
 pdf)
<use RxODE-manual_files/figure-latex/unnamed-chunk-77-1.pdf>
Package pdftex.def Info: RxODE-manual_files/figure-latex/unnamed-chunk-77-1.pdf
  used on input line 3099.
(pdftex.def)             Requested size: 344.997pt x 238.84406pt.

Underfull \vbox (badness 10000) has occurred while \output is active []

[75 <./RxODE-manual_files/figure-latex/unnamed-chunk-76-1.pdf>]
<RxODE-manual_files/figure-latex/unnamed-chunk-78-1.pdf, id=935, 469.755pt x 32
5.215pt>
File: RxODE-manual_files/figure-latex/unnamed-chunk-78-1.pdf Graphic file (type
 pdf)
<use RxODE-manual_files/figure-latex/unnamed-chunk-78-1.pdf>
Package pdftex.def Info: RxODE-manual_files/figure-latex/unnamed-chunk-78-1.pdf
  used on input line 3125.
(pdftex.def)             Requested size: 344.997pt x 238.84406pt.

Underfull \vbox (badness 10000) has occurred while \output is active []

[76 <./RxODE-manual_files/figure-latex/unnamed-chunk-77-1.pdf>]
Underfull \hbox (badness 1275) in paragraph at lines 3127--3132
\T1/mdput/m/n/10 of the same op-tions still ap-ply; That is \T1/lmtt/m/n/10 sam
ples \T1/mdput/m/n/10 are cleared un-less you use
 []

[77 <./RxODE-manual_files/figure-latex/unnamed-chunk-78-1.pdf>]
<RxODE-manual_files/figure-latex/unnamed-chunk-79-1.pdf, id=959, 469.755pt x 32
5.215pt>
File: RxODE-manual_files/figure-latex/unnamed-chunk-79-1.pdf Graphic file (type
 pdf)
<use RxODE-manual_files/figure-latex/unnamed-chunk-79-1.pdf>
Package pdftex.def Info: RxODE-manual_files/figure-latex/unnamed-chunk-79-1.pdf
  used on input line 3160.
(pdftex.def)             Requested size: 344.997pt x 238.84406pt.
<RxODE-manual_files/figure-latex/unnamed-chunk-80-1.pdf, id=960, 469.755pt x 32
5.215pt>
File: RxODE-manual_files/figure-latex/unnamed-chunk-80-1.pdf Graphic file (type
 pdf)
<use RxODE-manual_files/figure-latex/unnamed-chunk-80-1.pdf>
Package pdftex.def Info: RxODE-manual_files/figure-latex/unnamed-chunk-80-1.pdf
  used on input line 3174.
(pdftex.def)             Requested size: 344.997pt x 238.84406pt.

Underfull \vbox (badness 10000) has occurred while \output is active []

[78 <./RxODE-manual_files/figure-latex/unnamed-chunk-79-1.pdf>]
<RxODE-manual_files/figure-latex/unnamed-chunk-81-1.pdf, id=971, 469.755pt x 32
5.215pt>
File: RxODE-manual_files/figure-latex/unnamed-chunk-81-1.pdf Graphic file (type
 pdf)
<use RxODE-manual_files/figure-latex/unnamed-chunk-81-1.pdf>
Package pdftex.def Info: RxODE-manual_files/figure-latex/unnamed-chunk-81-1.pdf
  used on input line 3187.
(pdftex.def)             Requested size: 344.997pt x 238.84406pt.

Underfull \vbox (badness 10000) has occurred while \output is active []

[79 <./RxODE-manual_files/figure-latex/unnamed-chunk-80-1.pdf>]
<RxODE-manual_files/figure-latex/unnamed-chunk-82-1.pdf, id=983, 469.755pt x 32
5.215pt>
File: RxODE-manual_files/figure-latex/unnamed-chunk-82-1.pdf Graphic file (type
 pdf)
<use RxODE-manual_files/figure-latex/unnamed-chunk-82-1.pdf>
Package pdftex.def Info: RxODE-manual_files/figure-latex/unnamed-chunk-82-1.pdf
  used on input line 3205.
(pdftex.def)             Requested size: 344.997pt x 238.84406pt.

Underfull \vbox (badness 10000) has occurred while \output is active []

[80 <./RxODE-manual_files/figure-latex/unnamed-chunk-81-1.pdf>]
Overfull \hbox (22.49893pt too wide) in paragraph at lines 3233--3233
[]\T1/lmtt/m/n/10 #>    1 dosing records (see x$get.dosing(); add with add.dosi
ng or et)[] 
 []


Overfull \hbox (59.24883pt too wide) in paragraph at lines 3233--3233
[]\T1/lmtt/m/n/10 #>    0 observation times (see x$get.sampling(); add with add
.sampling or et)[] 
 []


Overfull \hbox (64.49881pt too wide) in paragraph at lines 3233--3233
[]\T1/lmtt/m/n/10 #>    multiple doses in \TS1/lmtt/m/n/10 `\T1/lmtt/m/n/10 add
l\TS1/lmtt/m/n/10 ` \T1/lmtt/m/n/10 columns, expand with x$expand(); or etExpan
d(x)[] 
 []

[81 <./RxODE-manual_files/figure-latex/unnamed-chunk-82-1.pdf>]
Overfull \hbox (22.49893pt too wide) in paragraph at lines 3262--3262
[]\T1/lmtt/m/n/10 #>    7 dosing records (see x$get.dosing(); add with add.dosi
ng or et)[] 
 []


Overfull \hbox (59.24883pt too wide) in paragraph at lines 3262--3262
[]\T1/lmtt/m/n/10 #>    0 observation times (see x$get.sampling(); add with add
.sampling or et)[] 
 []


Overfull \hbox (17.24895pt too wide) in paragraph at lines 3284--3284
[]\T1/lmtt/m/n/10 #>    1 dosing records (see $get.dosing(); add with add.dosin
g or et)[] 
 []


Overfull \hbox (53.99884pt too wide) in paragraph at lines 3284--3284
[]\T1/lmtt/m/n/10 #>    0 observation times (see $get.sampling(); add with add.
sampling or et)[] 
 []


Overfull \hbox (53.99884pt too wide) in paragraph at lines 3284--3284
[]\T1/lmtt/m/n/10 #>    multiple doses in \TS1/lmtt/m/n/10 `\T1/lmtt/m/n/10 add
l\TS1/lmtt/m/n/10 ` \T1/lmtt/m/n/10 columns, expand with $expand(); or etExpand
()[] 
 []


Overfull \hbox (22.49893pt too wide) in paragraph at lines 3312--3312
[]\T1/lmtt/m/n/10 #>    7 dosing records (see x$get.dosing(); add with add.dosi
ng or et)[] 
 []


Overfull \hbox (59.24883pt too wide) in paragraph at lines 3312--3312
[]\T1/lmtt/m/n/10 #>    0 observation times (see x$get.sampling(); add with add
.sampling or et)[] 
 []

[82]
<eventTable-output-notebook-02.png, id=1009, 986.68625pt x 488.82625pt>
File: eventTable-output-notebook-02.png Graphic file (type png)
<use eventTable-output-notebook-02.png>
Package pdftex.def Info: eventTable-output-notebook-02.png  used on input line 
3322.
(pdftex.def)             Requested size: 344.99908pt x 170.92018pt.
<eventTable-output-notebook-01.png, id=1010, 962.59625pt x 530.98375pt>
File: eventTable-output-notebook-01.png Graphic file (type png)
<use eventTable-output-notebook-01.png>
Package pdftex.def Info: eventTable-output-notebook-01.png  used on input line 
3328.
(pdftex.def)             Requested size: 344.99214pt x 190.30327pt.
[83 <./eventTable-output-notebook-02.png>] [84 <./eventTable-output-notebook-01
.png>]
Chapter 9.
[85

] [86] [87]
Underfull \hbox (badness 10000) in paragraph at lines 3500--3502
\T1/lmtt/m/n/10 at any time, but will not take effect until the next change of\
T1/mdput/m/n/10 H\T1/lmtt/m/n/10 is
 []

[88] [89] [90] [91] [92] [93] [94] [95] [96] [97]
Underfull \hbox (badness 2582) in paragraph at lines 4080--4083
[]\T1/lmtt/m/n/10 EVID=-10 \T1/mdput/m/n/10 When the spec-i-fied \T1/lmtt/m/n/1
0 rate \T1/mdput/m/n/10 in-fu-sions are turned off (matches
 []

[98] [99] [100] [101] [102]
Chapter 10.
[103

]
Overfull \hbox (1.499pt too wide) in paragraph at lines 4328--4328
[]\T1/lmtt/m/n/10 #>      V2      V3      KA      CL       Q     Kin    Kout   
 EC50[] 
 []


Overfull \hbox (1.499pt too wide) in paragraph at lines 4328--4328
[]\T1/lmtt/m/n/10 #>  40.200 297.000   0.294  18.600  10.500   1.000   1.000 20
0.000[] 
 []


Overfull \hbox (1.499pt too wide) in paragraph at lines 4359--4359
[]\T1/lmtt/m/n/10 #>      V2      V3      KA      CL       Q     Kin    Kout   
 EC50[] 
 []


Overfull \hbox (1.499pt too wide) in paragraph at lines 4359--4359
[]\T1/lmtt/m/n/10 #>  40.200 297.000   0.294  18.600  10.500   1.000   1.000 20
0.000[] 
 []

[104]
Overfull \hbox (1.499pt too wide) in paragraph at lines 4390--4390
[]\T1/lmtt/m/n/10 #>      V2      V3      KA      CL       Q     Kin    Kout   
 EC50[] 
 []


Overfull \hbox (1.499pt too wide) in paragraph at lines 4390--4390
[]\T1/lmtt/m/n/10 #>  40.200 297.000   0.294  18.600  10.500   1.000   1.000 20
0.000[] 
 []

[105] [106]
Overfull \hbox (1.499pt too wide) in paragraph at lines 4492--4492
[]\T1/lmtt/m/n/10 #>      V2      V3      KA      CL       Q     Kin    Kout   
 EC50[] 
 []


Overfull \hbox (1.499pt too wide) in paragraph at lines 4492--4492
[]\T1/lmtt/m/n/10 #>  40.200 297.000   0.294  18.600  10.500   1.000   1.000 20
0.000[] 
 []


Overfull \hbox (1.499pt too wide) in paragraph at lines 4542--4542
[]\T1/lmtt/m/n/10 #>      V2      V3      KA      CL       Q     Kin    Kout   
 EC50[] 
 []


Overfull \hbox (1.499pt too wide) in paragraph at lines 4542--4542
[]\T1/lmtt/m/n/10 #>  40.200 297.000   0.294  18.600  10.500   1.000   1.000 20
0.000[] 
 []

[107]
<RxODE-manual_files/figure-latex/unnamed-chunk-93-1.pdf, id=1330, 469.755pt x 3
25.215pt>
File: RxODE-manual_files/figure-latex/unnamed-chunk-93-1.pdf Graphic file (type
 pdf)
<use RxODE-manual_files/figure-latex/unnamed-chunk-93-1.pdf>
Package pdftex.def Info: RxODE-manual_files/figure-latex/unnamed-chunk-93-1.pdf
  used on input line 4550.
(pdftex.def)             Requested size: 344.997pt x 238.84406pt.
[108 <./RxODE-manual_files/figure-latex/unnamed-chunk-93-1.pdf>]
Overfull \hbox (1.499pt too wide) in paragraph at lines 4587--4587
[]\T1/lmtt/m/n/10 #>      V2      V3      KA      CL       Q     Kin    Kout   
 EC50[] 
 []


Overfull \hbox (1.499pt too wide) in paragraph at lines 4587--4587
[]\T1/lmtt/m/n/10 #>  40.200 297.000   0.294  18.600  10.500   1.000   1.000 20
0.000[] 
 []

<RxODE-manual_files/figure-latex/unnamed-chunk-94-1.pdf, id=1343, 469.755pt x 3
25.215pt>
File: RxODE-manual_files/figure-latex/unnamed-chunk-94-1.pdf Graphic file (type
 pdf)
<use RxODE-manual_files/figure-latex/unnamed-chunk-94-1.pdf>
Package pdftex.def Info: RxODE-manual_files/figure-latex/unnamed-chunk-94-1.pdf
  used on input line 4595.
(pdftex.def)             Requested size: 344.997pt x 238.84406pt.
[109 <./RxODE-manual_files/figure-latex/unnamed-chunk-94-1.pdf>]
<RxODE-manual_files/figure-latex/unnamed-chunk-96-1.pdf, id=1356, 469.755pt x 3
25.215pt>
File: RxODE-manual_files/figure-latex/unnamed-chunk-96-1.pdf Graphic file (type
 pdf)
<use RxODE-manual_files/figure-latex/unnamed-chunk-96-1.pdf>
Package pdftex.def Info: RxODE-manual_files/figure-latex/unnamed-chunk-96-1.pdf
  used on input line 4650.
(pdftex.def)             Requested size: 344.997pt x 238.84406pt.

Underfull \vbox (badness 6493) has occurred while \output is active []

[110] [111 <./RxODE-manual_files/figure-latex/unnamed-chunk-96-1.pdf>] [112

]
Chapter 11.
[113] [114

]
Chapter 12.
[115] [116]
Overfull \hbox (90.74873pt too wide) in paragraph at lines 4784--4784
[]\T1/lmtt/m/n/10 #>       id    low  time   high cmt         amt  rate  evid  
 AGE   SEX    WT  CRCL[] 
 []


Overfull \hbox (90.74873pt too wide) in paragraph at lines 4784--4784
[]\T1/lmtt/m/n/10 #>    <int>  <dbl> <dbl>  <dbl> <chr>     <dbl> <dbl> <int> <
dbl> <dbl> <dbl> <dbl>[] 
 []


Overfull \hbox (90.74873pt too wide) in paragraph at lines 4784--4784
[]\T1/lmtt/m/n/10 #>  1     1  0     0      0     (obs)       NA    NA      0  
  66     1  49.4    83[] 
 []


Overfull \hbox (90.74873pt too wide) in paragraph at lines 4784--4784
[]\T1/lmtt/m/n/10 #>  2     1 NA     0     NA     (default)  296.  296.     1  
  66     1  49.4    83[] 
 []


Overfull \hbox (90.74873pt too wide) in paragraph at lines 4784--4784
[]\T1/lmtt/m/n/10 #>  3     1  0.225 0.246  0.275 (obs)       NA    NA      0  
  66     1  49.4    83[] 
 []


Overfull \hbox (90.74873pt too wide) in paragraph at lines 4784--4784
[]\T1/lmtt/m/n/10 #>  4     1  0.45  0.516  0.55  (obs)       NA    NA      0  
  66     1  49.4    83[] 
 []


Overfull \hbox (90.74873pt too wide) in paragraph at lines 4784--4784
[]\T1/lmtt/m/n/10 #>  5     1  0.675 0.729  0.825 (obs)       NA    NA      0  
  66     1  49.4    83[] 
 []


Overfull \hbox (90.74873pt too wide) in paragraph at lines 4784--4784
[]\T1/lmtt/m/n/10 #>  6     1  0.9   0.921  1.1   (obs)       NA    NA      0  
  66     1  49.4    83[] 
 []


Overfull \hbox (90.74873pt too wide) in paragraph at lines 4784--4784
[]\T1/lmtt/m/n/10 #>  7     1  1.35  1.42   1.65  (obs)       NA    NA      0  
  66     1  49.4    83[] 
 []


Overfull \hbox (90.74873pt too wide) in paragraph at lines 4784--4784
[]\T1/lmtt/m/n/10 #>  8     1  1.8   1.82   2.2   (obs)       NA    NA      0  
  66     1  49.4    83[] 
 []


Overfull \hbox (90.74873pt too wide) in paragraph at lines 4784--4784
[]\T1/lmtt/m/n/10 #>  9     1  2.7   2.97   3.3   (obs)       NA    NA      0  
  66     1  49.4    83[] 
 []


Overfull \hbox (90.74873pt too wide) in paragraph at lines 4784--4784
[]\T1/lmtt/m/n/10 #> 10     1  3.6   3.87   4.4   (obs)       NA    NA      0  
  66     1  49.4    83[] 
 []

[117]
Overfull \hbox (90.74873pt too wide) in paragraph at lines 4836--4836
[]\T1/lmtt/m/n/10 #> ______________________________ Solved RxODE object _______
______________________[] 
 []


Overfull \hbox (90.74873pt too wide) in paragraph at lines 4836--4836
[]\T1/lmtt/m/n/10 #> -- Parameters ($params): ---------------------------------
----------------------[] 
 []


Overfull \hbox (90.74873pt too wide) in paragraph at lines 4836--4836
[]\T1/lmtt/m/n/10 #> -- Initial Conditions ($inits): --------------------------
----------------------[] 
 []


Overfull \hbox (90.74873pt too wide) in paragraph at lines 4836--4836
[]\T1/lmtt/m/n/10 #> -- First part of data (object): --------------------------
----------------------[] 
 []


Overfull \hbox (90.74873pt too wide) in paragraph at lines 4836--4836
[]\T1/lmtt/m/n/10 #> __________________________________________________________
______________________[] 
 []


Overfull \hbox (43.49887pt too wide) in paragraph at lines 4850--4850
[]\T1/lmtt/m/n/10 #> Warning: Transformation introduced infinite values in cont
inuous y-axis[] 
 []

<RxODE-manual_files/figure-latex/unnamed-chunk-101-1.pdf, id=1409, 469.755pt x 
325.215pt>
File: RxODE-manual_files/figure-latex/unnamed-chunk-101-1.pdf Graphic file (typ
e pdf)
<use RxODE-manual_files/figure-latex/unnamed-chunk-101-1.pdf>
Package pdftex.def Info: RxODE-manual_files/figure-latex/unnamed-chunk-101-1.pd
f  used on input line 4852.
(pdftex.def)             Requested size: 344.997pt x 238.84406pt.

Underfull \vbox (badness 1968) has occurred while \output is active []

[118]
Underfull \hbox (badness 10000) in paragraph at lines 4860--4863
[][]$\T1/mdput/m/n/10 doi : (10 . 1128 / AAC . 48 . 8 . 2799 -[] 2807 . 2004$[]
[])[[][]$https : / / dx . doi . org / 10 . 1128 % 2FAAC . 48 . 8 .
 []

No file RxODE-manual.bbl.
[119 <./RxODE-manual_files/figure-latex/unnamed-chunk-101-1.pdf>] (./RxODE-manu
al.aux)
Package rerunfilecheck Info: File `RxODE-manual.out' has not changed.
(rerunfilecheck)             Checksum: 04DC3CDC99EB893E78021FE426EC20BB;9551.
 ) 
Here is how much of TeX's memory you used:
 13260 strings out of 480971
 198914 string characters out of 5907895
 511741 words of memory out of 5000000
 29663 multiletter control sequences out of 15000+600000
 544823 words of font info for 123 fonts, out of 8000000 for 9000
 14 hyphenation exceptions out of 8191
 71i,6n,74p,482b,472s stack positions out of 5000i,500n,10000p,200000b,80000s
{/home/matt/.TinyTeX/texmf-dist/fonts/enc/dvips/lm/lm-ts1.enc}{/home/matt/.Ti
nyTeX/texmf-dist/fonts/enc/dvips/ly1/texnansi.enc}{/home/matt/.TinyTeX/texmf-di
st/fonts/enc/dvips/lm/lm-ec.enc}</home/matt/.TinyTeX/texmf-dist/fonts/type1/pub
lic/lm/lmtk10.pfb></home/matt/.TinyTeX/texmf-dist/fonts/type1/public/lm/lmtt10.
pfb></home/matt/.TinyTeX/texmf-dist/fonts/type1/public/lm/lmtti10.pfb></home/ma
tt/.TinyTeX/texmf-dist/fonts/type1/public/mathdesign/mdput/md-utb8t.pfb></home/
matt/.TinyTeX/texmf-dist/fonts/type1/public/mathdesign/mdput/md-utr8t.pfb></hom
e/matt/.TinyTeX/texmf-dist/fonts/type1/public/mathdesign/mdput/md-utr8t.pfb></h
ome/matt/.TinyTeX/texmf-dist/fonts/type1/adobe/utopia/putb8a.pfb></home/matt/.T
inyTeX/texmf-dist/fonts/type1/adobe/utopia/putr8a.pfb></home/matt/.TinyTeX/texm
f-dist/fonts/type1/adobe/utopia/putr8a.pfb></home/matt/.TinyTeX/texmf-dist/font
s/type1/adobe/utopia/putri8a.pfb>
Output written on RxODE-manual.pdf (119 pages, 729554 bytes).
PDF statistics:
 1578 PDF objects out of 1728 (max. 8388607)
 1351 compressed objects within 14 object streams
 489 named destinations out of 1000 (max. 500000)
 654 words of extra memory for PDF output out of 10000 (max. 10000000)

